Log file open, 09/18/18 12:22:32
LogInit: Display: Running engine for game: PlataformGameAV1
LogPlatformFile: Not using cached read wrapper
LogTaskGraph: Started task graph with 5 named threads and 8 total threads with 3 sets of task threads.
LogStats: Stats thread started at 0.060193
LogICUInternationalization: Display: ICU TimeZone Detection - Raw Offset: -3:00, Platform Override: ''
LogPluginManager: Mounting plugin LightPropagationVolume
LogPluginManager: Mounting plugin BackChannel
LogPluginManager: Mounting plugin AppleImageUtils
LogPluginManager: Mounting plugin ProxyLODPlugin
LogPluginManager: Mounting plugin GeometryCache
LogPluginManager: Mounting plugin HTML5Networking
LogPluginManager: Mounting plugin CharacterAI
LogPluginManager: Mounting plugin AlembicImporter
LogPluginManager: Mounting plugin AppleVision
LogPluginManager: Mounting plugin TcpMessaging
LogPluginManager: Mounting plugin UdpMessaging
LogPluginManager: Mounting plugin AudioCapture
LogPluginManager: Mounting plugin PhysXVehicles
LogPluginManager: Mounting plugin LinuxDeviceProfileSelector
LogPluginManager: Mounting plugin ProceduralMeshComponent
LogPluginManager: Mounting plugin MobilePatchingUtils
LogPluginManager: Mounting plugin RuntimePhysXCooking
LogPluginManager: Mounting plugin ArchVisCharacter
LogPluginManager: Mounting plugin CustomMeshComponent
LogPluginManager: Mounting plugin GoogleCloudMessaging
LogPluginManager: Mounting plugin WindowsMoviePlayer
LogPluginManager: Mounting plugin SteamVR
LogPluginManager: Mounting plugin AndroidDeviceProfileSelector
LogPluginManager: Mounting plugin AndroidPermission
LogPluginManager: Mounting plugin EditableMesh
LogPluginManager: Mounting plugin OculusVR
LogPluginManager: Plugin shader directory ../../../Engine/Plugins/Runtime/Oculus/OculusVR/Shaders found
LogPluginManager: Mapping shader source directory ../../../Engine/Plugins/Runtime/Oculus/OculusVR/Shaders to virtual directory /Plugin/OculusVR
LogPluginManager: Mounting plugin ImmediatePhysics
LogPluginManager: Mounting plugin LocationServicesBPLibrary
LogPluginManager: Mounting plugin IOSDeviceProfileSelector
LogPluginManager: Mounting plugin CableComponent
LogPluginManager: Mounting plugin AppleMoviePlayer
LogPluginManager: Mounting plugin AndroidMoviePlayer
LogPluginManager: Mounting plugin ExampleDeviceProfileSelector
LogPluginManager: Mounting plugin MagicLeap
LogPluginManager: Mounting plugin MagicLeapEmulator
LogPluginManager: Mounting plugin MagicLeapMedia
LogPluginManager: Mounting plugin LevelSequenceEditor
LogPluginManager: Mounting plugin ActorSequence
LogPluginManager: Mounting plugin MatineeToLevelSequence
LogPluginManager: Mounting plugin Paper2D
LogPluginManager: Mounting plugin XCodeSourceCodeAccess
LogPluginManager: Mounting plugin CLionSourceCodeAccess
LogPluginManager: Mounting plugin SubversionSourceControl
LogPluginManager: Mounting plugin NullSourceCodeAccess
LogPluginManager: Mounting plugin PerforceSourceControl
LogPluginManager: Mounting plugin CodeLiteSourceCodeAccess
LogPluginManager: Mounting plugin VisualStudioSourceCodeAccess
LogPluginManager: Mounting plugin UObjectPlugin
LogPluginManager: Mounting plugin VisualStudioCodeSourceCodeAccess
LogPluginManager: Mounting plugin GitSourceControl
LogPluginManager: Mounting plugin KDevelopSourceCodeAccess
LogPluginManager: Mounting plugin NetcodeUnitTest
LogPluginManager: Mounting plugin NUTUnrealEngine4
LogPluginManager: Mounting plugin LauncherChunkInstaller
LogPluginManager: Mounting plugin CryptoKeys
LogPluginManager: Mounting plugin SpeedTreeImporter
LogPluginManager: Mounting plugin PluginBrowser
LogPluginManager: Mounting plugin MacGraphicsSwitching
LogPluginManager: Mounting plugin FacialAnimation
LogPluginManager: Mounting plugin AssetManagerEditor
LogPluginManager: Mounting plugin MobileLauncherProfileWizard
LogPluginManager: Mounting plugin GameplayTagsEditor
LogPluginManager: Mounting plugin DataValidation
LogPluginManager: Mounting plugin MeshEditor
LogPluginManager: Mounting plugin ImgMedia
LogPluginManager: Mounting plugin AvfMedia
LogPluginManager: Mounting plugin LinearTimecode
LogPluginManager: Mounting plugin WmfMedia
LogPluginManager: Mounting plugin MediaCompositing
LogPluginManager: Mounting plugin AndroidMedia
LogPluginManager: Mounting plugin MediaPlayerEditor
LogPluginManager: Mounting plugin OnlineSubsystemIOS
LogPluginManager: Mounting plugin OnlineSubsystemUtils
LogPluginManager: Mounting plugin OnlineSubsystemNull
LogPluginManager: Mounting plugin OnlineSubsystemGooglePlay
LogPluginManager: Mounting plugin OnlineSubsystem
LogPluginManager: Mounting plugin AISupport
LogPluginManager: Mounting plugin DatasmithContent
LogStreaming: Display: Took  0.520s to configure plugins.
LogInit: Using libcurl 7.48.0-DEV
LogInit:  - built for x86_64-unknown-linux-gnu
LogInit:  - supports SSL with OpenSSL/1.0.2h
LogInit:  - supports HTTP deflate (compression) using libz 1.2.8
LogInit:  - other features:
LogInit:      CURL_VERSION_SSL
LogInit:      CURL_VERSION_LIBZ
LogInit:      CURL_VERSION_IPV6
LogInit:      CURL_VERSION_ASYNCHDNS
LogInit:      CURL_VERSION_LARGEFILE
LogInit:      CURL_VERSION_TLSAUTH_SRP
LogInit:  Libcurl: checking if '/etc/pki/tls/certs/ca-bundle.crt' exists
LogInit:  Libcurl: checking if '/etc/ssl/certs/ca-certificates.crt' exists
LogInit:  CurlRequestOptions (configurable via config and command line):
LogInit:  - bVerifyPeer = true  - Libcurl will verify peer certificate
LogInit:  - bUseHttpProxy = false  - Libcurl will NOT use HTTP proxy
LogInit:  - bDontReuseConnections = false  - Libcurl will reuse connections
LogInit:  - CertBundlePath = /etc/ssl/certs/ca-certificates.crt  - Libcurl will set CURLOPT_CAINFO to it
LogInit:  - MaxHostConnections = 16  - Libcurl will limit the number of connections to a host
LogInit:  - LocalHostAddr = Default
LogInit:  - BufferSize = 65536
LogInit: Build: ++UE4+Release-4.20-CL-0
LogInit: Engine Version: 4.20.1-0+++UE4+Release-4.20
LogInit: Compatible Engine Version: 4.20.0-0+++UE4+Release-4.20
LogInit: Net CL: 0
LogInit: OS: GenericOSVersionLabel (GenericOSSubVersionLabel), CPU: Intel(R) Core(TM) i7-7500U CPU @ 2.70GHz, GPU: GenericGPUBrand
LogInit: Compiled (64-bit): Aug 19 2018 16:14:30
LogInit: Compiled with Clang: 5.0.0 (tags/RELEASE_500/final)
LogInit: Build Configuration: Development
LogInit: Branch Name: ++UE4+Release-4.20
LogInit: Command Line: 
LogInit: Base Directory: /home/mauricio/UnrealEngine/Engine/Binaries/Linux/
LogInit: Installed Engine Build: 0
LogDevObjectVersion: Number of dev versions registered: 20
LogDevObjectVersion:   Dev-Blueprints (B0D832E4-1F89-4F0D-ACCF-7EB736FD4AA2): 10
LogDevObjectVersion:   Dev-Build (E1C64328-A22C-4D53-A36C-8E866417BD8C): 0
LogDevObjectVersion:   Dev-Core (375EC13C-06E4-48FB-B500-84F0262A717E): 2
LogDevObjectVersion:   Dev-Editor (E4B068ED-F494-42E9-A231-DA0B2E46BB41): 24
LogDevObjectVersion:   Dev-Framework (CFFC743F-43B0-4480-9391-14DF171D2073): 34
LogDevObjectVersion:   Dev-Mobile (B02B49B5-BB20-44E9-A304-32B752E40360): 2
LogDevObjectVersion:   Dev-Networking (A4E4105C-59A1-49B5-A7C5-40C4547EDFEE): 0
LogDevObjectVersion:   Dev-Online (39C831C9-5AE6-47DC-9A44-9C173E1C8E7C): 0
LogDevObjectVersion:   Dev-Physics (78F01B33-EBEA-4F98-B9B4-84EACCB95AA2): 0
LogDevObjectVersion:   Dev-Platform (6631380F-2D4D-43E0-8009-CF276956A95A): 0
LogDevObjectVersion:   Dev-Rendering (12F88B9F-8875-4AFC-A67C-D90C383ABD29): 26
LogDevObjectVersion:   Dev-Sequencer (7B5AE74C-D270-4C10-A958-57980B212A5A): 9
LogDevObjectVersion:   Dev-VR (D7296918-1DD6-4BDD-9DE2-64A83CC13884): 2
LogDevObjectVersion:   Dev-LoadTimes (C2A15278-BFE7-4AFE-6C17-90FF531DF755): 1
LogDevObjectVersion:   Private-Geometry (6EACA3D4-40EC-4CC1-B786-8BED09428FC5): 3
LogDevObjectVersion:   Dev-AnimPhys (29E575DD-E0A3-4627-9D10-D276232CDCEA): 17
LogDevObjectVersion:   Dev-ReflectionCapture (6B266CEC-1EC7-4B8F-A30B-E4D90942FC07): 1
LogDevObjectVersion:   Dev-Automation (0DF73D61-A23F-47EA-B727-89E90C41499A): 1
LogDevObjectVersion:   FortniteMain (601D1886-AC64-4F84-AA16-D3DE0DEAC7D6): 12
LogDevObjectVersion:   Dev-Enterprise (9DFFBCD6-494F-0158-E221-12823C92A888): 1
LogStreaming: Display: Took  0.001s to delete old logs.
LogInit: Presizing for max 8388607 objects, including 0 objects not considered by GC, pre-allocating 0 bytes for permanent pool.
LogInit: Object subsystem initialized
[2018.09.18-15.22.33:843][  0]LogInit: Initializing SDL.
[2018.09.18-15.22.33:925][  0]LogInit: Initialized SDL 2.0.5 revision: 11184 (hg-11184:04063928c4a8 with EpicExtensions) (compiled against 2.0.5)
[2018.09.18-15.22.33:925][  0]LogInit: Using SDL_WINDOW_OPENGL
[2018.09.18-15.22.33:925][  0]LogInit: Using SDL video driver 'x11'
[2018.09.18-15.22.33:925][  0]LogInit: Display metrics:
[2018.09.18-15.22.33:925][  0]LogInit:   PrimaryDisplayWidth: 1920
[2018.09.18-15.22.33:925][  0]LogInit:   PrimaryDisplayHeight: 1080
[2018.09.18-15.22.33:925][  0]LogInit:   PrimaryDisplayWorkAreaRect:
[2018.09.18-15.22.33:925][  0]LogInit:     Left=0, Top=30, Right=1920, Bottom=1080
[2018.09.18-15.22.33:925][  0]LogInit:   VirtualDisplayRect:
[2018.09.18-15.22.33:925][  0]LogInit:     Left=0, Top=30, Right=1920, Bottom=1080
[2018.09.18-15.22.33:925][  0]LogInit:   TitleSafePaddingSize: X=0.000 Y=0.000 Z=0.000 W=0.000
[2018.09.18-15.22.33:925][  0]LogInit:   ActionSafePaddingSize: X=0.000 Y=0.000 Z=0.000 W=0.000
[2018.09.18-15.22.33:925][  0]LogInit:   Number of monitors: 1
[2018.09.18-15.22.33:925][  0]LogInit:     Monitor 0
[2018.09.18-15.22.33:925][  0]LogInit:       Name: 0
[2018.09.18-15.22.33:925][  0]LogInit:       ID: display0
[2018.09.18-15.22.33:925][  0]LogInit:       NativeWidth: 1920
[2018.09.18-15.22.33:925][  0]LogInit:       NativeHeight: 1080
[2018.09.18-15.22.33:925][  0]LogInit:       bIsPrimary: true
[2018.09.18-15.22.33:926][  0]LogLinux: Selected Device Profile: [Linux]
[2018.09.18-15.22.33:926][  0]LogInit: Applying CVar settings loaded from the selected device profile: [Linux]
[2018.09.18-15.22.33:936][  0]LogHAL: Display: Platform has ~ 4 GB [8137621504 / 4294967296 / 8], which maps to Smallest [LargestMinGB=32, LargerMinGB=12, DefaultMinGB=8, SmallerMinGB=6, SmallestMinGB=0)
[2018.09.18-15.22.33:936][  0]LogInit: Going up to parent DeviceProfile []
[2018.09.18-15.22.33:937][  0]LogInit: Using custom *.sym to symbolicate
[2018.09.18-15.22.33:937][  0]LogInit: Unix hardware info:
[2018.09.18-15.22.33:937][  0]LogInit:  - we are not the first instance of this executable
[2018.09.18-15.22.33:937][  0]LogInit:  - this process' id (pid) is 4098, parent process' id (ppid) is 3791
[2018.09.18-15.22.33:937][  0]LogInit:  - we are not running under debugger
[2018.09.18-15.22.33:937][  0]LogInit:  - machine network name is 'R2D2'
[2018.09.18-15.22.33:937][  0]LogInit:  - user name is 'mauricio' (mauricio)
[2018.09.18-15.22.33:937][  0]LogInit:  - we're logged in locally
[2018.09.18-15.22.33:937][  0]LogInit:  - we're running with rendering
[2018.09.18-15.22.33:937][  0]LogInit:  - CPU: GenuineIntel 'Intel(R) Core(TM) i7-7500U CPU @ 2.70GHz' (signature: 0x806E9)
[2018.09.18-15.22.33:937][  0]LogInit:  - Number of physical cores available for the process: 2
[2018.09.18-15.22.33:937][  0]LogInit:  - Number of logical cores available for the process: 4
[2018.09.18-15.22.33:937][  0]LogInit:  - Cache line size: 64
[2018.09.18-15.22.33:937][  0]LogInit:  - Memory allocator used: binned2
[2018.09.18-15.22.33:937][  0]LogCore: Benchmarking clocks:
[2018.09.18-15.22.33:937][  0]LogCore:  - CLOCK_REALTIME (id=0) can sustain 51586516 (51587K, 52M) calls per second without zero deltas.
[2018.09.18-15.22.33:937][  0]LogCore:  - CLOCK_MONOTONIC (id=1) can sustain 52465030 (52465K, 52M) calls per second without zero deltas.
[2018.09.18-15.22.33:937][  0]LogCore:  - CLOCK_MONOTONIC_RAW (id=4) can sustain 3654489 (3654K, 4M) calls per second without zero deltas.
[2018.09.18-15.22.33:937][  0]LogCore:  - CLOCK_MONOTONIC_COARSE (id=6) can sustain 178407364 (178407K, 178M) calls per second with 99.999854% zero deltas.
[2018.09.18-15.22.33:937][  0]LogCore: Selected clock_id 1 (CLOCK_MONOTONIC) since it is the fastest support clock without zero deltas.
[2018.09.18-15.22.33:937][  0]LogInit: Unix-specific commandline switches:
[2018.09.18-15.22.33:937][  0]LogInit:  -nodwarf (currently OFF): suppress parsing of DWARF debug info (callstacks will be generated faster, but won't have line numbers)
[2018.09.18-15.22.33:937][  0]LogInit:  -ansimalloc - use malloc()/free() from libc (useful for tools like valgrind and electric fence)
[2018.09.18-15.22.33:937][  0]LogInit:  -jemalloc - use jemalloc for all memory allocation
[2018.09.18-15.22.33:937][  0]LogInit:  -binnedmalloc - use binned malloc  for all memory allocation
[2018.09.18-15.22.33:937][  0]LogInit:  -filemapcachesize=NUMBER - set the size for case-sensitive file mapping cache
[2018.09.18-15.22.33:937][  0]LogInit:  -httpproxy=ADDRESS:PORT - redirects HTTP requests to a proxy (only supported if compiled with libcurl)
[2018.09.18-15.22.33:937][  0]LogInit:  -reuseconn - allow libcurl to reuse HTTP connections (only matters if compiled with libcurl)
[2018.09.18-15.22.33:937][  0]LogInit:  -virtmemkb=NUMBER - sets process virtual memory (address space) limit (overrides VirtualMemoryLimitInKB value from .ini)
[2018.09.18-15.22.33:937][  0]LogInit:  - Physical RAM available (not considering process quota): 8 GB (7760 MB, 7946896 KB, 8137621504 bytes)
[2018.09.18-15.22.34:112][  0]LogInit: Overriding language with editor language configuration option (en).
[2018.09.18-15.22.34:112][  0]LogInit: Overriding locale with editor locale configuration option (en).
[2018.09.18-15.22.34:610][  0]LogStreaming: Display: Took  0.498s to InitEngineTextLocalization.
[2018.09.18-15.22.34:721][  0]LogSlate: New Slate User Created.  User Index 0, Is Virtual User: 0
[2018.09.18-15.22.34:721][  0]LogSlate: Slate User Registered.  User Index 0, Is Virtual User: 0
[2018.09.18-15.22.36:022][  0]LogRHI: Initializing OpenGL RHI
[2018.09.18-15.22.36:022][  0]LogRHI:   GL_VENDOR: NVIDIA Corporation
[2018.09.18-15.22.36:022][  0]LogRHI:   GL_RENDERER: GeForce 940MX/PCIe/SSE2
[2018.09.18-15.22.36:022][  0]LogRHI:   GL_VERSION: 4.3.0 NVIDIA 384.130
[2018.09.18-15.22.36:022][  0]LogRHI:   GL_SHADING_LANGUAGE_VERSION: 4.30 NVIDIA via Cg compiler
[2018.09.18-15.22.36:022][  0]LogRHI: OpenGL Extensions:
[2018.09.18-15.22.36:022][  0]LogRHI:   GL_AMD_multi_draw_indirect
[2018.09.18-15.22.36:022][  0]LogRHI:   GL_AMD_seamless_cubemap_per_texture
[2018.09.18-15.22.36:022][  0]LogRHI:   GL_ARB_arrays_of_arrays
[2018.09.18-15.22.36:022][  0]LogRHI:   GL_ARB_base_instance
[2018.09.18-15.22.36:022][  0]LogRHI:   GL_ARB_bindless_texture
[2018.09.18-15.22.36:022][  0]LogRHI:   GL_ARB_blend_func_extended
[2018.09.18-15.22.36:023][  0]LogRHI:   GL_ARB_buffer_storage
[2018.09.18-15.22.36:023][  0]LogRHI:   GL_ARB_clear_buffer_object
[2018.09.18-15.22.36:023][  0]LogRHI:   GL_ARB_clear_texture
[2018.09.18-15.22.36:023][  0]LogRHI:   GL_ARB_clip_control
[2018.09.18-15.22.36:023][  0]LogRHI:   GL_ARB_color_buffer_float
[2018.09.18-15.22.36:023][  0]LogRHI:   GL_ARB_compressed_texture_pixel_storage
[2018.09.18-15.22.36:023][  0]LogRHI:   GL_ARB_conservative_depth
[2018.09.18-15.22.36:023][  0]LogRHI:   GL_ARB_compute_shader
[2018.09.18-15.22.36:023][  0]LogRHI:   GL_ARB_compute_variable_group_size
[2018.09.18-15.22.36:023][  0]LogRHI:   GL_ARB_conditional_render_inverted
[2018.09.18-15.22.36:023][  0]LogRHI:   GL_ARB_copy_buffer
[2018.09.18-15.22.36:023][  0]LogRHI:   GL_ARB_copy_image
[2018.09.18-15.22.36:023][  0]LogRHI:   GL_ARB_cull_distance
[2018.09.18-15.22.36:023][  0]LogRHI:   GL_ARB_debug_output
[2018.09.18-15.22.36:023][  0]LogRHI:   GL_ARB_depth_buffer_float
[2018.09.18-15.22.36:023][  0]LogRHI:   GL_ARB_depth_clamp
[2018.09.18-15.22.36:023][  0]LogRHI:   GL_ARB_depth_texture
[2018.09.18-15.22.36:023][  0]LogRHI:   GL_ARB_derivative_control
[2018.09.18-15.22.36:023][  0]LogRHI:   GL_ARB_direct_state_access
[2018.09.18-15.22.36:023][  0]LogRHI:   GL_ARB_draw_buffers
[2018.09.18-15.22.36:023][  0]LogRHI:   GL_ARB_draw_buffers_blend
[2018.09.18-15.22.36:023][  0]LogRHI:   GL_ARB_draw_indirect
[2018.09.18-15.22.36:023][  0]LogRHI:   GL_ARB_draw_elements_base_vertex
[2018.09.18-15.22.36:023][  0]LogRHI:   GL_ARB_draw_instanced
[2018.09.18-15.22.36:023][  0]LogRHI:   GL_ARB_enhanced_layouts
[2018.09.18-15.22.36:023][  0]LogRHI:   GL_ARB_ES2_compatibility
[2018.09.18-15.22.36:023][  0]LogRHI:   GL_ARB_ES3_compatibility
[2018.09.18-15.22.36:023][  0]LogRHI:   GL_ARB_ES3_1_compatibility
[2018.09.18-15.22.36:023][  0]LogRHI:   GL_ARB_ES3_2_compatibility
[2018.09.18-15.22.36:023][  0]LogRHI:   GL_ARB_explicit_attrib_location
[2018.09.18-15.22.36:023][  0]LogRHI:   GL_ARB_explicit_uniform_location
[2018.09.18-15.22.36:023][  0]LogRHI:   GL_ARB_fragment_coord_conventions
[2018.09.18-15.22.36:023][  0]LogRHI:   GL_ARB_fragment_layer_viewport
[2018.09.18-15.22.36:023][  0]LogRHI:   GL_ARB_fragment_program
[2018.09.18-15.22.36:023][  0]LogRHI:   GL_ARB_fragment_program_shadow
[2018.09.18-15.22.36:023][  0]LogRHI:   GL_ARB_fragment_shader
[2018.09.18-15.22.36:023][  0]LogRHI:   GL_ARB_framebuffer_no_attachments
[2018.09.18-15.22.36:023][  0]LogRHI:   GL_ARB_framebuffer_object
[2018.09.18-15.22.36:023][  0]LogRHI:   GL_ARB_framebuffer_sRGB
[2018.09.18-15.22.36:023][  0]LogRHI:   GL_ARB_geometry_shader4
[2018.09.18-15.22.36:023][  0]LogRHI:   GL_ARB_get_program_binary
[2018.09.18-15.22.36:023][  0]LogRHI:   GL_ARB_get_texture_sub_image
[2018.09.18-15.22.36:023][  0]LogRHI:   GL_ARB_gl_spirv
[2018.09.18-15.22.36:023][  0]LogRHI:   GL_ARB_gpu_shader5
[2018.09.18-15.22.36:023][  0]LogRHI:   GL_ARB_gpu_shader_fp64
[2018.09.18-15.22.36:023][  0]LogRHI:   GL_ARB_gpu_shader_int64
[2018.09.18-15.22.36:023][  0]LogRHI:   GL_ARB_half_float_pixel
[2018.09.18-15.22.36:023][  0]LogRHI:   GL_ARB_half_float_vertex
[2018.09.18-15.22.36:023][  0]LogRHI:   GL_ARB_imaging
[2018.09.18-15.22.36:023][  0]LogRHI:   GL_ARB_indirect_parameters
[2018.09.18-15.22.36:023][  0]LogRHI:   GL_ARB_instanced_arrays
[2018.09.18-15.22.36:023][  0]LogRHI:   GL_ARB_internalformat_query
[2018.09.18-15.22.36:023][  0]LogRHI:   GL_ARB_internalformat_query2
[2018.09.18-15.22.36:023][  0]LogRHI:   GL_ARB_invalidate_subdata
[2018.09.18-15.22.36:023][  0]LogRHI:   GL_ARB_map_buffer_alignment
[2018.09.18-15.22.36:023][  0]LogRHI:   GL_ARB_map_buffer_range
[2018.09.18-15.22.36:023][  0]LogRHI:   GL_ARB_multi_bind
[2018.09.18-15.22.36:023][  0]LogRHI:   GL_ARB_multi_draw_indirect
[2018.09.18-15.22.36:023][  0]LogRHI:   GL_ARB_multisample
[2018.09.18-15.22.36:023][  0]LogRHI:   GL_ARB_multitexture
[2018.09.18-15.22.36:023][  0]LogRHI:   GL_ARB_occlusion_query
[2018.09.18-15.22.36:023][  0]LogRHI:   GL_ARB_occlusion_query2
[2018.09.18-15.22.36:023][  0]LogRHI:   GL_ARB_parallel_shader_compile
[2018.09.18-15.22.36:023][  0]LogRHI:   GL_ARB_pipeline_statistics_query
[2018.09.18-15.22.36:023][  0]LogRHI:   GL_ARB_pixel_buffer_object
[2018.09.18-15.22.36:023][  0]LogRHI:   GL_ARB_point_parameters
[2018.09.18-15.22.36:023][  0]LogRHI:   GL_ARB_point_sprite
[2018.09.18-15.22.36:023][  0]LogRHI:   GL_ARB_program_interface_query
[2018.09.18-15.22.36:023][  0]LogRHI:   GL_ARB_provoking_vertex
[2018.09.18-15.22.36:023][  0]LogRHI:   GL_ARB_query_buffer_object
[2018.09.18-15.22.36:023][  0]LogRHI:   GL_ARB_robust_buffer_access_behavior
[2018.09.18-15.22.36:023][  0]LogRHI:   GL_ARB_robustness
[2018.09.18-15.22.36:023][  0]LogRHI:   GL_ARB_sample_shading
[2018.09.18-15.22.36:023][  0]LogRHI:   GL_ARB_sampler_objects
[2018.09.18-15.22.36:023][  0]LogRHI:   GL_ARB_seamless_cube_map
[2018.09.18-15.22.36:023][  0]LogRHI:   GL_ARB_seamless_cubemap_per_texture
[2018.09.18-15.22.36:023][  0]LogRHI:   GL_ARB_separate_shader_objects
[2018.09.18-15.22.36:023][  0]LogRHI:   GL_ARB_shader_atomic_counter_ops
[2018.09.18-15.22.36:023][  0]LogRHI:   GL_ARB_shader_atomic_counters
[2018.09.18-15.22.36:023][  0]LogRHI:   GL_ARB_shader_ballot
[2018.09.18-15.22.36:023][  0]LogRHI:   GL_ARB_shader_bit_encoding
[2018.09.18-15.22.36:023][  0]LogRHI:   GL_ARB_shader_clock
[2018.09.18-15.22.36:023][  0]LogRHI:   GL_ARB_shader_draw_parameters
[2018.09.18-15.22.36:023][  0]LogRHI:   GL_ARB_shader_group_vote
[2018.09.18-15.22.36:023][  0]LogRHI:   GL_ARB_shader_image_load_store
[2018.09.18-15.22.36:023][  0]LogRHI:   GL_ARB_shader_image_size
[2018.09.18-15.22.36:023][  0]LogRHI:   GL_ARB_shader_objects
[2018.09.18-15.22.36:023][  0]LogRHI:   GL_ARB_shader_precision
[2018.09.18-15.22.36:023][  0]LogRHI:   GL_ARB_shader_storage_buffer_object
[2018.09.18-15.22.36:023][  0]LogRHI:   GL_ARB_shader_subroutine
[2018.09.18-15.22.36:023][  0]LogRHI:   GL_ARB_shader_texture_image_samples
[2018.09.18-15.22.36:023][  0]LogRHI:   GL_ARB_shader_texture_lod
[2018.09.18-15.22.36:023][  0]LogRHI:   GL_ARB_shading_language_100
[2018.09.18-15.22.36:023][  0]LogRHI:   GL_ARB_shading_language_420pack
[2018.09.18-15.22.36:023][  0]LogRHI:   GL_ARB_shading_language_include
[2018.09.18-15.22.36:023][  0]LogRHI:   GL_ARB_shading_language_packing
[2018.09.18-15.22.36:023][  0]LogRHI:   GL_ARB_shadow
[2018.09.18-15.22.36:023][  0]LogRHI:   GL_ARB_sparse_buffer
[2018.09.18-15.22.36:023][  0]LogRHI:   GL_ARB_sparse_texture
[2018.09.18-15.22.36:023][  0]LogRHI:   GL_ARB_stencil_texturing
[2018.09.18-15.22.36:023][  0]LogRHI:   GL_ARB_sync
[2018.09.18-15.22.36:023][  0]LogRHI:   GL_ARB_tessellation_shader
[2018.09.18-15.22.36:023][  0]LogRHI:   GL_ARB_texture_barrier
[2018.09.18-15.22.36:023][  0]LogRHI:   GL_ARB_texture_border_clamp
[2018.09.18-15.22.36:023][  0]LogRHI:   GL_ARB_texture_buffer_object
[2018.09.18-15.22.36:023][  0]LogRHI:   GL_ARB_texture_buffer_object_rgb32
[2018.09.18-15.22.36:023][  0]LogRHI:   GL_ARB_texture_buffer_range
[2018.09.18-15.22.36:023][  0]LogRHI:   GL_ARB_texture_compression
[2018.09.18-15.22.36:023][  0]LogRHI:   GL_ARB_texture_compression_bptc
[2018.09.18-15.22.36:023][  0]LogRHI:   GL_ARB_texture_compression_rgtc
[2018.09.18-15.22.36:023][  0]LogRHI:   GL_ARB_texture_cube_map
[2018.09.18-15.22.36:023][  0]LogRHI:   GL_ARB_texture_cube_map_array
[2018.09.18-15.22.36:023][  0]LogRHI:   GL_ARB_texture_env_add
[2018.09.18-15.22.36:023][  0]LogRHI:   GL_ARB_texture_env_combine
[2018.09.18-15.22.36:023][  0]LogRHI:   GL_ARB_texture_env_crossbar
[2018.09.18-15.22.36:023][  0]LogRHI:   GL_ARB_texture_env_dot3
[2018.09.18-15.22.36:023][  0]LogRHI:   GL_ARB_texture_float
[2018.09.18-15.22.36:023][  0]LogRHI:   GL_ARB_texture_gather
[2018.09.18-15.22.36:023][  0]LogRHI:   GL_ARB_texture_mirror_clamp_to_edge
[2018.09.18-15.22.36:023][  0]LogRHI:   GL_ARB_texture_mirrored_repeat
[2018.09.18-15.22.36:023][  0]LogRHI:   GL_ARB_texture_multisample
[2018.09.18-15.22.36:023][  0]LogRHI:   GL_ARB_texture_non_power_of_two
[2018.09.18-15.22.36:023][  0]LogRHI:   GL_ARB_texture_query_levels
[2018.09.18-15.22.36:023][  0]LogRHI:   GL_ARB_texture_query_lod
[2018.09.18-15.22.36:023][  0]LogRHI:   GL_ARB_texture_rectangle
[2018.09.18-15.22.36:023][  0]LogRHI:   GL_ARB_texture_rg
[2018.09.18-15.22.36:023][  0]LogRHI:   GL_ARB_texture_rgb10_a2ui
[2018.09.18-15.22.36:023][  0]LogRHI:   GL_ARB_texture_stencil8
[2018.09.18-15.22.36:023][  0]LogRHI:   GL_ARB_texture_storage
[2018.09.18-15.22.36:023][  0]LogRHI:   GL_ARB_texture_storage_multisample
[2018.09.18-15.22.36:023][  0]LogRHI:   GL_ARB_texture_swizzle
[2018.09.18-15.22.36:023][  0]LogRHI:   GL_ARB_texture_view
[2018.09.18-15.22.36:023][  0]LogRHI:   GL_ARB_timer_query
[2018.09.18-15.22.36:023][  0]LogRHI:   GL_ARB_transform_feedback2
[2018.09.18-15.22.36:023][  0]LogRHI:   GL_ARB_transform_feedback3
[2018.09.18-15.22.36:023][  0]LogRHI:   GL_ARB_transform_feedback_instanced
[2018.09.18-15.22.36:024][  0]LogRHI:   GL_ARB_transform_feedback_overflow_query
[2018.09.18-15.22.36:024][  0]LogRHI:   GL_ARB_transpose_matrix
[2018.09.18-15.22.36:024][  0]LogRHI:   GL_ARB_uniform_buffer_object
[2018.09.18-15.22.36:024][  0]LogRHI:   GL_ARB_vertex_array_bgra
[2018.09.18-15.22.36:024][  0]LogRHI:   GL_ARB_vertex_array_object
[2018.09.18-15.22.36:024][  0]LogRHI:   GL_ARB_vertex_attrib_64bit
[2018.09.18-15.22.36:024][  0]LogRHI:   GL_ARB_vertex_attrib_binding
[2018.09.18-15.22.36:024][  0]LogRHI:   GL_ARB_vertex_buffer_object
[2018.09.18-15.22.36:024][  0]LogRHI:   GL_ARB_vertex_program
[2018.09.18-15.22.36:024][  0]LogRHI:   GL_ARB_vertex_shader
[2018.09.18-15.22.36:024][  0]LogRHI:   GL_ARB_vertex_type_10f_11f_11f_rev
[2018.09.18-15.22.36:024][  0]LogRHI:   GL_ARB_vertex_type_2_10_10_10_rev
[2018.09.18-15.22.36:024][  0]LogRHI:   GL_ARB_viewport_array
[2018.09.18-15.22.36:024][  0]LogRHI:   GL_ARB_window_pos
[2018.09.18-15.22.36:024][  0]LogRHI:   GL_ATI_draw_buffers
[2018.09.18-15.22.36:024][  0]LogRHI:   GL_ATI_texture_float
[2018.09.18-15.22.36:024][  0]LogRHI:   GL_ATI_texture_mirror_once
[2018.09.18-15.22.36:024][  0]LogRHI:   GL_S3_s3tc
[2018.09.18-15.22.36:024][  0]LogRHI:   GL_EXT_texture_env_add
[2018.09.18-15.22.36:024][  0]LogRHI:   GL_EXT_abgr
[2018.09.18-15.22.36:024][  0]LogRHI:   GL_EXT_bgra
[2018.09.18-15.22.36:024][  0]LogRHI:   GL_EXT_bindable_uniform
[2018.09.18-15.22.36:024][  0]LogRHI:   GL_EXT_blend_color
[2018.09.18-15.22.36:024][  0]LogRHI:   GL_EXT_blend_equation_separate
[2018.09.18-15.22.36:024][  0]LogRHI:   GL_EXT_blend_func_separate
[2018.09.18-15.22.36:024][  0]LogRHI:   GL_EXT_blend_minmax
[2018.09.18-15.22.36:024][  0]LogRHI:   GL_EXT_blend_subtract
[2018.09.18-15.22.36:024][  0]LogRHI:   GL_EXT_compiled_vertex_array
[2018.09.18-15.22.36:024][  0]LogRHI:   GL_EXT_Cg_shader
[2018.09.18-15.22.36:024][  0]LogRHI:   GL_EXT_depth_bounds_test
[2018.09.18-15.22.36:024][  0]LogRHI:   GL_EXT_direct_state_access
[2018.09.18-15.22.36:024][  0]LogRHI:   GL_EXT_draw_buffers2
[2018.09.18-15.22.36:024][  0]LogRHI:   GL_EXT_draw_instanced
[2018.09.18-15.22.36:024][  0]LogRHI:   GL_EXT_draw_range_elements
[2018.09.18-15.22.36:024][  0]LogRHI:   GL_EXT_fog_coord
[2018.09.18-15.22.36:024][  0]LogRHI:   GL_EXT_framebuffer_blit
[2018.09.18-15.22.36:024][  0]LogRHI:   GL_EXT_framebuffer_multisample
[2018.09.18-15.22.36:024][  0]LogRHI:   GL_EXTX_framebuffer_mixed_formats
[2018.09.18-15.22.36:024][  0]LogRHI:   GL_EXT_framebuffer_multisample_blit_scaled
[2018.09.18-15.22.36:024][  0]LogRHI:   GL_EXT_framebuffer_object
[2018.09.18-15.22.36:024][  0]LogRHI:   GL_EXT_framebuffer_sRGB
[2018.09.18-15.22.36:024][  0]LogRHI:   GL_EXT_geometry_shader4
[2018.09.18-15.22.36:024][  0]LogRHI:   GL_EXT_gpu_program_parameters
[2018.09.18-15.22.36:024][  0]LogRHI:   GL_EXT_gpu_shader4
[2018.09.18-15.22.36:024][  0]LogRHI:   GL_EXT_multi_draw_arrays
[2018.09.18-15.22.36:024][  0]LogRHI:   GL_EXT_packed_depth_stencil
[2018.09.18-15.22.36:024][  0]LogRHI:   GL_EXT_packed_float
[2018.09.18-15.22.36:024][  0]LogRHI:   GL_EXT_packed_pixels
[2018.09.18-15.22.36:024][  0]LogRHI:   GL_EXT_pixel_buffer_object
[2018.09.18-15.22.36:024][  0]LogRHI:   GL_EXT_point_parameters
[2018.09.18-15.22.36:024][  0]LogRHI:   GL_EXT_polygon_offset_clamp
[2018.09.18-15.22.36:024][  0]LogRHI:   GL_EXT_provoking_vertex
[2018.09.18-15.22.36:024][  0]LogRHI:   GL_EXT_rescale_normal
[2018.09.18-15.22.36:024][  0]LogRHI:   GL_EXT_secondary_color
[2018.09.18-15.22.36:024][  0]LogRHI:   GL_EXT_separate_shader_objects
[2018.09.18-15.22.36:024][  0]LogRHI:   GL_EXT_separate_specular_color
[2018.09.18-15.22.36:024][  0]LogRHI:   GL_EXT_shader_image_load_formatted
[2018.09.18-15.22.36:024][  0]LogRHI:   GL_EXT_shader_image_load_store
[2018.09.18-15.22.36:024][  0]LogRHI:   GL_EXT_shader_integer_mix
[2018.09.18-15.22.36:024][  0]LogRHI:   GL_EXT_shadow_funcs
[2018.09.18-15.22.36:024][  0]LogRHI:   GL_EXT_stencil_two_side
[2018.09.18-15.22.36:024][  0]LogRHI:   GL_EXT_stencil_wrap
[2018.09.18-15.22.36:024][  0]LogRHI:   GL_EXT_texture3D
[2018.09.18-15.22.36:024][  0]LogRHI:   GL_EXT_texture_array
[2018.09.18-15.22.36:024][  0]LogRHI:   GL_EXT_texture_buffer_object
[2018.09.18-15.22.36:024][  0]LogRHI:   GL_EXT_texture_compression_dxt1
[2018.09.18-15.22.36:024][  0]LogRHI:   GL_EXT_texture_compression_latc
[2018.09.18-15.22.36:024][  0]LogRHI:   GL_EXT_texture_compression_rgtc
[2018.09.18-15.22.36:024][  0]LogRHI:   GL_EXT_texture_compression_s3tc
[2018.09.18-15.22.36:024][  0]LogRHI:   GL_EXT_texture_cube_map
[2018.09.18-15.22.36:024][  0]LogRHI:   GL_EXT_texture_edge_clamp
[2018.09.18-15.22.36:024][  0]LogRHI:   GL_EXT_texture_env_combine
[2018.09.18-15.22.36:024][  0]LogRHI:   GL_EXT_texture_env_dot3
[2018.09.18-15.22.36:024][  0]LogRHI:   GL_EXT_texture_filter_anisotropic
[2018.09.18-15.22.36:024][  0]LogRHI:   GL_EXT_texture_integer
[2018.09.18-15.22.36:024][  0]LogRHI:   GL_EXT_texture_lod
[2018.09.18-15.22.36:024][  0]LogRHI:   GL_EXT_texture_lod_bias
[2018.09.18-15.22.36:024][  0]LogRHI:   GL_EXT_texture_mirror_clamp
[2018.09.18-15.22.36:024][  0]LogRHI:   GL_EXT_texture_object
[2018.09.18-15.22.36:024][  0]LogRHI:   GL_EXT_texture_shared_exponent
[2018.09.18-15.22.36:024][  0]LogRHI:   GL_EXT_texture_sRGB
[2018.09.18-15.22.36:024][  0]LogRHI:   GL_EXT_texture_sRGB_decode
[2018.09.18-15.22.36:024][  0]LogRHI:   GL_EXT_texture_storage
[2018.09.18-15.22.36:024][  0]LogRHI:   GL_EXT_texture_swizzle
[2018.09.18-15.22.36:024][  0]LogRHI:   GL_EXT_timer_query
[2018.09.18-15.22.36:024][  0]LogRHI:   GL_EXT_transform_feedback2
[2018.09.18-15.22.36:024][  0]LogRHI:   GL_EXT_vertex_array
[2018.09.18-15.22.36:024][  0]LogRHI:   GL_EXT_vertex_array_bgra
[2018.09.18-15.22.36:024][  0]LogRHI:   GL_EXT_vertex_attrib_64bit
[2018.09.18-15.22.36:024][  0]LogRHI:   GL_EXT_window_rectangles
[2018.09.18-15.22.36:024][  0]LogRHI:   GL_EXT_x11_sync_object
[2018.09.18-15.22.36:024][  0]LogRHI:   GL_EXT_import_sync_object
[2018.09.18-15.22.36:024][  0]LogRHI:   GL_NV_robustness_video_memory_purge
[2018.09.18-15.22.36:024][  0]LogRHI:   GL_IBM_rasterpos_clip
[2018.09.18-15.22.36:024][  0]LogRHI:   GL_IBM_texture_mirrored_repeat
[2018.09.18-15.22.36:024][  0]LogRHI:   GL_KHR_context_flush_control
[2018.09.18-15.22.36:024][  0]LogRHI:   GL_KHR_debug
[2018.09.18-15.22.36:024][  0]LogRHI:   GL_EXT_memory_object
[2018.09.18-15.22.36:024][  0]LogRHI:   GL_EXT_memory_object_fd
[2018.09.18-15.22.36:024][  0]LogRHI:   GL_KHR_no_error
[2018.09.18-15.22.36:024][  0]LogRHI:   GL_KHR_robust_buffer_access_behavior
[2018.09.18-15.22.36:024][  0]LogRHI:   GL_KHR_robustness
[2018.09.18-15.22.36:024][  0]LogRHI:   GL_EXT_semaphore
[2018.09.18-15.22.36:024][  0]LogRHI:   GL_EXT_semaphore_fd
[2018.09.18-15.22.36:024][  0]LogRHI:   GL_KTX_buffer_region
[2018.09.18-15.22.36:024][  0]LogRHI:   GL_NV_alpha_to_coverage_dither_control
[2018.09.18-15.22.36:024][  0]LogRHI:   GL_NV_bindless_multi_draw_indirect
[2018.09.18-15.22.36:024][  0]LogRHI:   GL_NV_bindless_multi_draw_indirect_count
[2018.09.18-15.22.36:024][  0]LogRHI:   GL_NV_bindless_texture
[2018.09.18-15.22.36:024][  0]LogRHI:   GL_NV_blend_equation_advanced
[2018.09.18-15.22.36:024][  0]LogRHI:   GL_NV_blend_equation_advanced_coherent
[2018.09.18-15.22.36:024][  0]LogRHI:   GL_NV_blend_square
[2018.09.18-15.22.36:024][  0]LogRHI:   GL_NV_command_list
[2018.09.18-15.22.36:024][  0]LogRHI:   GL_NV_compute_program5
[2018.09.18-15.22.36:024][  0]LogRHI:   GL_NV_conditional_render
[2018.09.18-15.22.36:024][  0]LogRHI:   GL_NV_copy_depth_to_color
[2018.09.18-15.22.36:024][  0]LogRHI:   GL_NV_copy_image
[2018.09.18-15.22.36:024][  0]LogRHI:   GL_NV_depth_buffer_float
[2018.09.18-15.22.36:024][  0]LogRHI:   GL_NV_depth_clamp
[2018.09.18-15.22.36:024][  0]LogRHI:   GL_NV_draw_texture
[2018.09.18-15.22.36:024][  0]LogRHI:   GL_NV_draw_vulkan_image
[2018.09.18-15.22.36:024][  0]LogRHI:   GL_NV_ES1_1_compatibility
[2018.09.18-15.22.36:024][  0]LogRHI:   GL_NV_ES3_1_compatibility
[2018.09.18-15.22.36:024][  0]LogRHI:   GL_NV_explicit_multisample
[2018.09.18-15.22.36:024][  0]LogRHI:   GL_NV_fence
[2018.09.18-15.22.36:024][  0]LogRHI:   GL_NV_float_buffer
[2018.09.18-15.22.36:024][  0]LogRHI:   GL_NV_fog_distance
[2018.09.18-15.22.36:024][  0]LogRHI:   GL_NV_fragment_program
[2018.09.18-15.22.36:024][  0]LogRHI:   GL_NV_fragment_program_option
[2018.09.18-15.22.36:024][  0]LogRHI:   GL_NV_fragment_program2
[2018.09.18-15.22.36:024][  0]LogRHI:   GL_NV_framebuffer_multisample_coverage
[2018.09.18-15.22.36:024][  0]LogRHI:   GL_NV_geometry_shader4
[2018.09.18-15.22.36:024][  0]LogRHI:   GL_NV_gpu_program4
[2018.09.18-15.22.36:024][  0]LogRHI:   GL_NV_internalformat_sample_query
[2018.09.18-15.22.36:024][  0]LogRHI:   GL_NV_gpu_program4_1
[2018.09.18-15.22.36:024][  0]LogRHI:   GL_NV_gpu_program5
[2018.09.18-15.22.36:025][  0]LogRHI:   GL_NV_gpu_program5_mem_extended
[2018.09.18-15.22.36:025][  0]LogRHI:   GL_NV_gpu_program_fp64
[2018.09.18-15.22.36:025][  0]LogRHI:   GL_NV_gpu_shader5
[2018.09.18-15.22.36:025][  0]LogRHI:   GL_NV_half_float
[2018.09.18-15.22.36:025][  0]LogRHI:   GL_NV_light_max_exponent
[2018.09.18-15.22.36:025][  0]LogRHI:   GL_NV_multisample_coverage
[2018.09.18-15.22.36:025][  0]LogRHI:   GL_NV_multisample_filter_hint
[2018.09.18-15.22.36:025][  0]LogRHI:   GL_NV_occlusion_query
[2018.09.18-15.22.36:025][  0]LogRHI:   GL_NV_packed_depth_stencil
[2018.09.18-15.22.36:025][  0]LogRHI:   GL_NV_parameter_buffer_object
[2018.09.18-15.22.36:025][  0]LogRHI:   GL_NV_parameter_buffer_object2
[2018.09.18-15.22.36:025][  0]LogRHI:   GL_NV_path_rendering
[2018.09.18-15.22.36:025][  0]LogRHI:   GL_NV_pixel_data_range
[2018.09.18-15.22.36:025][  0]LogRHI:   GL_NV_point_sprite
[2018.09.18-15.22.36:025][  0]LogRHI:   GL_NV_primitive_restart
[2018.09.18-15.22.36:025][  0]LogRHI:   GL_NV_register_combiners
[2018.09.18-15.22.36:025][  0]LogRHI:   GL_NV_register_combiners2
[2018.09.18-15.22.36:025][  0]LogRHI:   GL_NV_shader_atomic_counters
[2018.09.18-15.22.36:025][  0]LogRHI:   GL_NV_shader_atomic_float
[2018.09.18-15.22.36:025][  0]LogRHI:   GL_NV_shader_atomic_int64
[2018.09.18-15.22.36:025][  0]LogRHI:   GL_NV_shader_buffer_load
[2018.09.18-15.22.36:025][  0]LogRHI:   GL_NV_shader_storage_buffer_object
[2018.09.18-15.22.36:025][  0]LogRHI:   GL_NV_texgen_reflection
[2018.09.18-15.22.36:025][  0]LogRHI:   GL_NV_texture_barrier
[2018.09.18-15.22.36:025][  0]LogRHI:   GL_NV_texture_compression_vtc
[2018.09.18-15.22.36:025][  0]LogRHI:   GL_NV_texture_env_combine4
[2018.09.18-15.22.36:025][  0]LogRHI:   GL_NV_texture_multisample
[2018.09.18-15.22.36:025][  0]LogRHI:   GL_NV_texture_rectangle
[2018.09.18-15.22.36:025][  0]LogRHI:   GL_NV_texture_shader
[2018.09.18-15.22.36:025][  0]LogRHI:   GL_NV_texture_shader2
[2018.09.18-15.22.36:025][  0]LogRHI:   GL_NV_texture_shader3
[2018.09.18-15.22.36:025][  0]LogRHI:   GL_NV_transform_feedback
[2018.09.18-15.22.36:025][  0]LogRHI:   GL_NV_transform_feedback2
[2018.09.18-15.22.36:025][  0]LogRHI:   GL_NV_uniform_buffer_unified_memory
[2018.09.18-15.22.36:025][  0]LogRHI:   GL_NV_vdpau_interop
[2018.09.18-15.22.36:025][  0]LogRHI:   GL_NV_vertex_array_range
[2018.09.18-15.22.36:025][  0]LogRHI:   GL_NV_vertex_array_range2
[2018.09.18-15.22.36:025][  0]LogRHI:   GL_NV_vertex_attrib_integer_64bit
[2018.09.18-15.22.36:025][  0]LogRHI:   GL_NV_vertex_buffer_unified_memory
[2018.09.18-15.22.36:025][  0]LogRHI:   GL_NV_vertex_program
[2018.09.18-15.22.36:025][  0]LogRHI:   GL_NV_vertex_program1_1
[2018.09.18-15.22.36:025][  0]LogRHI:   GL_NV_vertex_program2
[2018.09.18-15.22.36:025][  0]LogRHI:   GL_NV_vertex_program2_option
[2018.09.18-15.22.36:025][  0]LogRHI:   GL_NV_vertex_program3
[2018.09.18-15.22.36:025][  0]LogRHI:   GL_NVX_conditional_render
[2018.09.18-15.22.36:025][  0]LogRHI:   GL_NVX_gpu_memory_info
[2018.09.18-15.22.36:025][  0]LogRHI:   GL_NVX_nvenc_interop
[2018.09.18-15.22.36:025][  0]LogRHI:   GL_NV_shader_thread_group
[2018.09.18-15.22.36:025][  0]LogRHI:   GL_NV_shader_thread_shuffle
[2018.09.18-15.22.36:025][  0]LogRHI:   GL_KHR_blend_equation_advanced
[2018.09.18-15.22.36:025][  0]LogRHI:   GL_KHR_blend_equation_advanced_coherent
[2018.09.18-15.22.36:025][  0]LogRHI:   GL_SGIS_generate_mipmap
[2018.09.18-15.22.36:025][  0]LogRHI:   GL_SGIS_texture_lod
[2018.09.18-15.22.36:025][  0]LogRHI:   GL_SGIX_depth_texture
[2018.09.18-15.22.36:025][  0]LogRHI:   GL_SGIX_shadow
[2018.09.18-15.22.36:025][  0]LogRHI:   GL_SUN_slice_accum
[2018.09.18-15.22.36:026][  0]LogRHI:   GL_MAX_TEXTURE_SIZE: 16384
[2018.09.18-15.22.36:026][  0]LogRHI:   GL_MAX_CUBE_MAP_TEXTURE_SIZE: 16384
[2018.09.18-15.22.36:026][  0]LogRHI:   GL_MAX_ARRAY_TEXTURE_LAYERS: 2048
[2018.09.18-15.22.36:026][  0]LogRHI:   GL_MAX_3D_TEXTURE_SIZE: 2048
[2018.09.18-15.22.36:026][  0]LogRHI:   GL_MAX_RENDERBUFFER_SIZE: 16384
[2018.09.18-15.22.36:026][  0]LogRHI:   GL_MAX_TEXTURE_IMAGE_UNITS: 32
[2018.09.18-15.22.36:026][  0]LogRHI:   GL_MAX_DRAW_BUFFERS: 8
[2018.09.18-15.22.36:026][  0]LogRHI:   GL_MAX_COLOR_ATTACHMENTS: 8
[2018.09.18-15.22.36:026][  0]LogRHI:   GL_MAX_SAMPLES: 32
[2018.09.18-15.22.36:026][  0]LogRHI:   GL_MAX_COLOR_TEXTURE_SAMPLES: 32
[2018.09.18-15.22.36:026][  0]LogRHI:   GL_MAX_DEPTH_TEXTURE_SAMPLES: 32
[2018.09.18-15.22.36:026][  0]LogRHI:   GL_MAX_INTEGER_SAMPLES: 32
[2018.09.18-15.22.36:026][  0]LogRHI:   GL_MAX_COMBINED_TEXTURE_IMAGE_UNITS: 192
[2018.09.18-15.22.36:026][  0]LogRHI:   GL_MAX_VERTEX_ATTRIBS: 16
[2018.09.18-15.22.36:026][  0]LogRHI:   GL_MAX_TEXTURE_MAX_ANISOTROPY_EXT: 16
[2018.09.18-15.22.36:026][  0]LogRHI: OpenGL MajorVersion = 4, MinorVersion = 3, ShaderPlatform = GLSL_430, FeatureLevel = SM5
[2018.09.18-15.22.36:036][  0]LogRHI: Texture pool is 1433 MB (70% of 2048 MB)
[2018.09.18-15.22.36:036][  0]LogShaderCompilers: Guid format shader working directory is 15 characters bigger than the processId version (../../../../Documentos/Unreal Projects/PlataformGameAV1/Intermediate/Shaders/WorkingDirectory/4098/).
[2018.09.18-15.22.36:036][  0]LogShaderCompilers: Cleaned the shader compiler working directory '../../../../Documentos/Unreal Projects/PlataformGameAV1/Intermediate/Shaders/tmp/00043D4708D61D616ACD065A1FAF3462/'.
[2018.09.18-15.22.36:036][  0]LogShaderCompilers: Display: Using Local Shader Compiler.
[2018.09.18-15.22.37:874][  0]LogTemp: Display: Loaded TP AllDesktopTargetPlatform
[2018.09.18-15.22.38:031][  0]LogTemp: Display: Loaded TP LinuxClientTargetPlatform
[2018.09.18-15.22.38:196][  0]LogTemp: Display: Loaded TP LinuxNoEditorTargetPlatform
[2018.09.18-15.22.38:352][  0]LogTemp: Display: Loaded TP LinuxServerTargetPlatform
[2018.09.18-15.22.38:512][  0]LogTemp: Display: Loaded TP LinuxTargetPlatform
[2018.09.18-15.22.38:721][  0]LogTemp: Display: Loaded TP AndroidTargetPlatform
[2018.09.18-15.22.38:721][  0]LogTemp: Display: Loaded TP AndroidTargetPlatform
[2018.09.18-15.22.38:721][  0]LogTemp: Display: Loaded TP AndroidTargetPlatform
[2018.09.18-15.22.38:721][  0]LogTemp: Display: Loaded TP AndroidTargetPlatform
[2018.09.18-15.22.38:721][  0]LogTemp: Display: Loaded TP AndroidTargetPlatform
[2018.09.18-15.22.38:721][  0]LogTemp: Display: Loaded TP AndroidTargetPlatform
[2018.09.18-15.22.38:721][  0]LogTemp: Display: Loaded TP AndroidTargetPlatform
[2018.09.18-15.22.38:721][  0]LogTemp: Display: Loaded TP AndroidTargetPlatform
[2018.09.18-15.22.38:721][  0]LogTemp: Display: Loaded TP AndroidTargetPlatform
[2018.09.18-15.22.38:721][  0]LogTemp: Display: Loaded TP AndroidTargetPlatform
[2018.09.18-15.22.38:721][  0]LogTemp: Display: Loaded TP AndroidTargetPlatform
[2018.09.18-15.22.38:721][  0]LogTemp: Display: Loaded TP AndroidTargetPlatform
[2018.09.18-15.22.38:721][  0]LogTemp: Display: Loaded TP AndroidTargetPlatform
[2018.09.18-15.22.38:721][  0]LogTemp: Display: Loaded TP AndroidTargetPlatform
[2018.09.18-15.22.38:721][  0]LogTemp: Display: Loaded TP AndroidTargetPlatform
[2018.09.18-15.22.38:721][  0]LogTemp: Display: Loaded TP AndroidTargetPlatform
[2018.09.18-15.22.38:721][  0]LogTemp: Display: Loaded TP AndroidTargetPlatform
[2018.09.18-15.22.38:721][  0]LogTemp: Display: Loaded TP AndroidTargetPlatform
[2018.09.18-15.22.38:877][  0]LogTemp: Display: Loaded TP HTML5TargetPlatform
[2018.09.18-15.22.38:877][  0]LogTargetPlatformManager: Display: Building Assets For Linux
[2018.09.18-15.22.39:396][  0]LogDerivedDataCache: Display: Max Cache Size: 512 MB
[2018.09.18-15.22.39:465][  0]LogDerivedDataCache: Loaded boot cache 0.07s 84MB ../../../../Documentos/Unreal Projects/PlataformGameAV1/DerivedDataCache/Boot.ddc.
[2018.09.18-15.22.39:465][  0]LogDerivedDataCache: Display: Loaded Boot cache: ../../../../Documentos/Unreal Projects/PlataformGameAV1/DerivedDataCache/Boot.ddc
[2018.09.18-15.22.39:465][  0]LogDerivedDataCache: FDerivedDataBackendGraph:  Pak pak cache file ../../../../Documentos/Unreal Projects/PlataformGameAV1/DerivedDataCache/DDC.ddp not found, will not use a pak cache.
[2018.09.18-15.22.39:465][  0]LogDerivedDataCache: Unable to find inner node Pak for hierarchical cache Hierarchy.
[2018.09.18-15.22.39:465][  0]LogDerivedDataCache: FDerivedDataBackendGraph:  EnginePak pak cache file ../../../Engine/DerivedDataCache/DDC.ddp not found, will not use a pak cache.
[2018.09.18-15.22.39:465][  0]LogDerivedDataCache: Unable to find inner node EnginePak for hierarchical cache Hierarchy.
[2018.09.18-15.22.39:466][  0]LogDerivedDataCache: Using Local data cache path ../../../Engine/DerivedDataCache: Writable
[2018.09.18-15.22.39:466][  0]LogDerivedDataCache: Shared data cache path not found in *engine.ini, will not use an Shared cache.
[2018.09.18-15.22.39:466][  0]LogDerivedDataCache: Unable to find inner node Shared for hierarchical cache Hierarchy.
[2018.09.18-15.22.39:493][  0]LogMaterial: Verifying Global Shaders for GLSL_430
[2018.09.18-15.22.39:504][  0]LogSlate: Using FreeType 2.6.0
[2018.09.18-15.22.39:505][  0]LogSlate: SlateFontServices - WITH_FREETYPE: 1, WITH_HARFBUZZ: 0
[2018.09.18-15.22.39:613][  0]LogAssetRegistry: FAssetRegistry took 0.0037 seconds to start up
[2018.09.18-15.22.39:975][  0]LogLinux: Selected Device Profile: [Linux]
[2018.09.18-15.22.40:491][  0]LogMeshReduction: Using QuadricMeshReduction for automatic static mesh reduction
[2018.09.18-15.22.40:491][  0]LogMeshReduction: No automatic skeletal mesh reduction module available
[2018.09.18-15.22.40:491][  0]LogMeshReduction: No automatic mesh merging module available
[2018.09.18-15.22.40:491][  0]LogMeshReduction: No distributed automatic mesh merging module available
[2018.09.18-15.22.40:491][  0]LogMeshMerging: No automatic mesh merging module available
[2018.09.18-15.22.40:491][  0]LogMeshMerging: No distributed automatic mesh merging module available
[2018.09.18-15.22.40:516][  0]LogNetVersion: PlataformGameAV1 1.0.0, NetCL: 0, EngineNetVer: 5, GameNetVer: 0 (Checksum: 2795854797)
[2018.09.18-15.22.41:290][  0]LogPackageLocalizationCache: Processed 11 localized package path(s) for 1 prioritized culture(s) in 0.026032 seconds
[2018.09.18-15.22.41:296][  0]LogUObjectArray: 37547 objects as part of root set at end of initial load.
[2018.09.18-15.22.41:296][  0]LogUObjectAllocator: 6509480 out of 0 bytes used by permanent object pool.
[2018.09.18-15.22.41:296][  0]LogUObjectArray: CloseDisregardForGC: 0/0 objects in disregard for GC pool
[2018.09.18-15.22.41:533][  0]LogHAL: Linux SourceCodeAccessSettings: NullSourceCodeAccessor
[2018.09.18-15.22.42:533][  0]LogStreaming: Warning: Failed to read file '../../../Engine/Content/Editor/Slate/Launcher/Mac/Platform_Mac_24x.png' error.
[2018.09.18-15.22.42:533][  0]LogSlate: Could not find file for Slate resource: ../../../Engine/Content/Editor/Slate/Launcher/Mac/Platform_Mac_24x.png
[2018.09.18-15.22.42:534][  0]LogStreaming: Warning: Failed to read file '../../../Engine/Content/Editor/Slate/Launcher/Mac/Platform_Mac_128x.png' error.
[2018.09.18-15.22.42:534][  0]LogSlate: Could not find file for Slate resource: ../../../Engine/Content/Editor/Slate/Launcher/Mac/Platform_Mac_128x.png
[2018.09.18-15.22.42:534][  0]LogStreaming: Warning: Failed to read file '../../../Engine/Content/Editor/Slate/Launcher/Mac/Platform_Mac_128x.png' error.
[2018.09.18-15.22.42:534][  0]LogSlate: Could not find file for Slate resource: ../../../Engine/Content/Editor/Slate/Launcher/Mac/Platform_Mac_128x.png
[2018.09.18-15.22.42:534][  0]LogStreaming: Warning: Failed to read file '../../../Engine/Content/Editor/Slate/Launcher/Mac/Platform_Mac_24x.png' error.
[2018.09.18-15.22.42:534][  0]LogSlate: Could not find file for Slate resource: ../../../Engine/Content/Editor/Slate/Launcher/Mac/Platform_Mac_24x.png
[2018.09.18-15.22.42:535][  0]LogStreaming: Warning: Failed to read file '../../../Engine/Content/Editor/Slate/Launcher/Mac/Platform_Mac_128x.png' error.
[2018.09.18-15.22.42:535][  0]LogSlate: Could not find file for Slate resource: ../../../Engine/Content/Editor/Slate/Launcher/Mac/Platform_Mac_128x.png
[2018.09.18-15.22.42:535][  0]LogStreaming: Warning: Failed to read file '../../../Engine/Content/Editor/Slate/Launcher/Mac/Platform_Mac_128x.png' error.
[2018.09.18-15.22.42:535][  0]LogSlate: Could not find file for Slate resource: ../../../Engine/Content/Editor/Slate/Launcher/Mac/Platform_Mac_128x.png
[2018.09.18-15.22.42:535][  0]LogStreaming: Warning: Failed to read file '../../../Engine/Content/Editor/Slate/Launcher/Mac/Platform_Mac_24x.png' error.
[2018.09.18-15.22.42:535][  0]LogSlate: Could not find file for Slate resource: ../../../Engine/Content/Editor/Slate/Launcher/Mac/Platform_Mac_24x.png
[2018.09.18-15.22.42:536][  0]LogStreaming: Warning: Failed to read file '../../../Engine/Content/Editor/Slate/Launcher/Mac/Platform_Mac_128x.png' error.
[2018.09.18-15.22.42:536][  0]LogSlate: Could not find file for Slate resource: ../../../Engine/Content/Editor/Slate/Launcher/Mac/Platform_Mac_128x.png
[2018.09.18-15.22.42:536][  0]LogStreaming: Warning: Failed to read file '../../../Engine/Content/Editor/Slate/Launcher/Mac/Platform_Mac_128x.png' error.
[2018.09.18-15.22.42:536][  0]LogSlate: Could not find file for Slate resource: ../../../Engine/Content/Editor/Slate/Launcher/Mac/Platform_Mac_128x.png
[2018.09.18-15.22.42:536][  0]LogStreaming: Warning: Failed to read file '../../../Engine/Content/Editor/Slate/Launcher/Mac/Platform_Mac_24x.png' error.
[2018.09.18-15.22.42:536][  0]LogSlate: Could not find file for Slate resource: ../../../Engine/Content/Editor/Slate/Launcher/Mac/Platform_Mac_24x.png
[2018.09.18-15.22.42:537][  0]LogStreaming: Warning: Failed to read file '../../../Engine/Content/Editor/Slate/Launcher/Mac/Platform_Mac_128x.png' error.
[2018.09.18-15.22.42:537][  0]LogSlate: Could not find file for Slate resource: ../../../Engine/Content/Editor/Slate/Launcher/Mac/Platform_Mac_128x.png
[2018.09.18-15.22.42:537][  0]LogStreaming: Warning: Failed to read file '../../../Engine/Content/Editor/Slate/Launcher/Mac/Platform_Mac_128x.png' error.
[2018.09.18-15.22.42:537][  0]LogSlate: Could not find file for Slate resource: ../../../Engine/Content/Editor/Slate/Launcher/Mac/Platform_Mac_128x.png
[2018.09.18-15.22.42:541][  0]LogStreaming: Warning: Failed to read file '../../../Engine/Content/Editor/Slate/Launcher/Android/Platform_Android_24x.png' error.
[2018.09.18-15.22.42:541][  0]LogSlate: Could not find file for Slate resource: ../../../Engine/Content/Editor/Slate/Launcher/Android/Platform_Android_24x.png
[2018.09.18-15.22.42:541][  0]LogStreaming: Warning: Failed to read file '../../../Engine/Content/Editor/Slate/Launcher/Android/Platform_Android_128x.png' error.
[2018.09.18-15.22.42:541][  0]LogSlate: Could not find file for Slate resource: ../../../Engine/Content/Editor/Slate/Launcher/Android/Platform_Android_128x.png
[2018.09.18-15.22.42:541][  0]LogStreaming: Warning: Failed to read file '../../../Engine/Content/Editor/Slate/Launcher/Android/Platform_Android_128x.png' error.
[2018.09.18-15.22.42:541][  0]LogSlate: Could not find file for Slate resource: ../../../Engine/Content/Editor/Slate/Launcher/Android/Platform_Android_128x.png
[2018.09.18-15.22.42:541][  0]LogStreaming: Warning: Failed to read file '../../../Engine/Content/Editor/Slate/Launcher/Android/Platform_Android_24x.png' error.
[2018.09.18-15.22.42:541][  0]LogSlate: Could not find file for Slate resource: ../../../Engine/Content/Editor/Slate/Launcher/Android/Platform_Android_24x.png
[2018.09.18-15.22.42:542][  0]LogStreaming: Warning: Failed to read file '../../../Engine/Content/Editor/Slate/Launcher/Android/Platform_Android_128x.png' error.
[2018.09.18-15.22.42:542][  0]LogSlate: Could not find file for Slate resource: ../../../Engine/Content/Editor/Slate/Launcher/Android/Platform_Android_128x.png
[2018.09.18-15.22.42:542][  0]LogStreaming: Warning: Failed to read file '../../../Engine/Content/Editor/Slate/Launcher/Android/Platform_Android_128x.png' error.
[2018.09.18-15.22.42:542][  0]LogSlate: Could not find file for Slate resource: ../../../Engine/Content/Editor/Slate/Launcher/Android/Platform_Android_128x.png
[2018.09.18-15.22.42:542][  0]LogStreaming: Warning: Failed to read file '../../../Engine/Content/Editor/Slate/Launcher/Android/Platform_Android_ATC_24x.png' error.
[2018.09.18-15.22.42:542][  0]LogSlate: Could not find file for Slate resource: ../../../Engine/Content/Editor/Slate/Launcher/Android/Platform_Android_ATC_24x.png
[2018.09.18-15.22.42:543][  0]LogStreaming: Warning: Failed to read file '../../../Engine/Content/Editor/Slate/Launcher/Android/Platform_Android_128x.png' error.
[2018.09.18-15.22.42:543][  0]LogSlate: Could not find file for Slate resource: ../../../Engine/Content/Editor/Slate/Launcher/Android/Platform_Android_128x.png
[2018.09.18-15.22.42:543][  0]LogStreaming: Warning: Failed to read file '../../../Engine/Content/Editor/Slate/Launcher/Android/Platform_Android_128x.png' error.
[2018.09.18-15.22.42:543][  0]LogSlate: Could not find file for Slate resource: ../../../Engine/Content/Editor/Slate/Launcher/Android/Platform_Android_128x.png
[2018.09.18-15.22.42:543][  0]LogStreaming: Warning: Failed to read file '../../../Engine/Content/Editor/Slate/Launcher/Android/Platform_Android_DXT_24x.png' error.
[2018.09.18-15.22.42:543][  0]LogSlate: Could not find file for Slate resource: ../../../Engine/Content/Editor/Slate/Launcher/Android/Platform_Android_DXT_24x.png
[2018.09.18-15.22.42:544][  0]LogStreaming: Warning: Failed to read file '../../../Engine/Content/Editor/Slate/Launcher/Android/Platform_Android_128x.png' error.
[2018.09.18-15.22.42:544][  0]LogSlate: Could not find file for Slate resource: ../../../Engine/Content/Editor/Slate/Launcher/Android/Platform_Android_128x.png
[2018.09.18-15.22.42:544][  0]LogStreaming: Warning: Failed to read file '../../../Engine/Content/Editor/Slate/Launcher/Android/Platform_Android_128x.png' error.
[2018.09.18-15.22.42:544][  0]LogSlate: Could not find file for Slate resource: ../../../Engine/Content/Editor/Slate/Launcher/Android/Platform_Android_128x.png
[2018.09.18-15.22.42:544][  0]LogStreaming: Warning: Failed to read file '../../../Engine/Content/Editor/Slate/Launcher/Android/Platform_Android_ETC1_24x.png' error.
[2018.09.18-15.22.42:544][  0]LogSlate: Could not find file for Slate resource: ../../../Engine/Content/Editor/Slate/Launcher/Android/Platform_Android_ETC1_24x.png
[2018.09.18-15.22.42:545][  0]LogStreaming: Warning: Failed to read file '../../../Engine/Content/Editor/Slate/Launcher/Android/Platform_Android_128x.png' error.
[2018.09.18-15.22.42:545][  0]LogSlate: Could not find file for Slate resource: ../../../Engine/Content/Editor/Slate/Launcher/Android/Platform_Android_128x.png
[2018.09.18-15.22.42:545][  0]LogStreaming: Warning: Failed to read file '../../../Engine/Content/Editor/Slate/Launcher/Android/Platform_Android_128x.png' error.
[2018.09.18-15.22.42:545][  0]LogSlate: Could not find file for Slate resource: ../../../Engine/Content/Editor/Slate/Launcher/Android/Platform_Android_128x.png
[2018.09.18-15.22.42:545][  0]LogStreaming: Warning: Failed to read file '../../../Engine/Content/Editor/Slate/Launcher/Android/Platform_Android_ETC1_24x.png' error.
[2018.09.18-15.22.42:545][  0]LogSlate: Could not find file for Slate resource: ../../../Engine/Content/Editor/Slate/Launcher/Android/Platform_Android_ETC1_24x.png
[2018.09.18-15.22.42:546][  0]LogStreaming: Warning: Failed to read file '../../../Engine/Content/Editor/Slate/Launcher/Android/Platform_Android_128x.png' error.
[2018.09.18-15.22.42:546][  0]LogSlate: Could not find file for Slate resource: ../../../Engine/Content/Editor/Slate/Launcher/Android/Platform_Android_128x.png
[2018.09.18-15.22.42:546][  0]LogStreaming: Warning: Failed to read file '../../../Engine/Content/Editor/Slate/Launcher/Android/Platform_Android_128x.png' error.
[2018.09.18-15.22.42:546][  0]LogSlate: Could not find file for Slate resource: ../../../Engine/Content/Editor/Slate/Launcher/Android/Platform_Android_128x.png
[2018.09.18-15.22.42:546][  0]LogStreaming: Warning: Failed to read file '../../../Engine/Content/Editor/Slate/Launcher/Android/Platform_Android_ETC2_24x.png' error.
[2018.09.18-15.22.42:546][  0]LogSlate: Could not find file for Slate resource: ../../../Engine/Content/Editor/Slate/Launcher/Android/Platform_Android_ETC2_24x.png
[2018.09.18-15.22.42:546][  0]LogStreaming: Warning: Failed to read file '../../../Engine/Content/Editor/Slate/Launcher/Android/Platform_Android_128x.png' error.
[2018.09.18-15.22.42:546][  0]LogSlate: Could not find file for Slate resource: ../../../Engine/Content/Editor/Slate/Launcher/Android/Platform_Android_128x.png
[2018.09.18-15.22.42:547][  0]LogStreaming: Warning: Failed to read file '../../../Engine/Content/Editor/Slate/Launcher/Android/Platform_Android_128x.png' error.
[2018.09.18-15.22.42:547][  0]LogSlate: Could not find file for Slate resource: ../../../Engine/Content/Editor/Slate/Launcher/Android/Platform_Android_128x.png
[2018.09.18-15.22.42:547][  0]LogStreaming: Warning: Failed to read file '../../../Engine/Content/Editor/Slate/Launcher/Android/Platform_Android_PVRTC_24x.png' error.
[2018.09.18-15.22.42:547][  0]LogSlate: Could not find file for Slate resource: ../../../Engine/Content/Editor/Slate/Launcher/Android/Platform_Android_PVRTC_24x.png
[2018.09.18-15.22.42:547][  0]LogStreaming: Warning: Failed to read file '../../../Engine/Content/Editor/Slate/Launcher/Android/Platform_Android_128x.png' error.
[2018.09.18-15.22.42:547][  0]LogSlate: Could not find file for Slate resource: ../../../Engine/Content/Editor/Slate/Launcher/Android/Platform_Android_128x.png
[2018.09.18-15.22.42:548][  0]LogStreaming: Warning: Failed to read file '../../../Engine/Content/Editor/Slate/Launcher/Android/Platform_Android_128x.png' error.
[2018.09.18-15.22.42:548][  0]LogSlate: Could not find file for Slate resource: ../../../Engine/Content/Editor/Slate/Launcher/Android/Platform_Android_128x.png
[2018.09.18-15.22.42:548][  0]LogStreaming: Warning: Failed to read file '../../../Engine/Content/Editor/Slate/Launcher/Android/Platform_Android_ASTC_24x.png' error.
[2018.09.18-15.22.42:548][  0]LogSlate: Could not find file for Slate resource: ../../../Engine/Content/Editor/Slate/Launcher/Android/Platform_Android_ASTC_24x.png
[2018.09.18-15.22.42:548][  0]LogStreaming: Warning: Failed to read file '../../../Engine/Content/Editor/Slate/Launcher/Android/Platform_Android_128x.png' error.
[2018.09.18-15.22.42:548][  0]LogSlate: Could not find file for Slate resource: ../../../Engine/Content/Editor/Slate/Launcher/Android/Platform_Android_128x.png
[2018.09.18-15.22.42:549][  0]LogStreaming: Warning: Failed to read file '../../../Engine/Content/Editor/Slate/Launcher/Android/Platform_Android_128x.png' error.
[2018.09.18-15.22.42:549][  0]LogSlate: Could not find file for Slate resource: ../../../Engine/Content/Editor/Slate/Launcher/Android/Platform_Android_128x.png
[2018.09.18-15.22.42:549][  0]LogStreaming: Warning: Failed to read file '../../../Engine/Content/Editor/Slate/Launcher/Android/Platform_Android_24x.png' error.
[2018.09.18-15.22.42:549][  0]LogSlate: Could not find file for Slate resource: ../../../Engine/Content/Editor/Slate/Launcher/Android/Platform_Android_24x.png
[2018.09.18-15.22.42:549][  0]LogStreaming: Warning: Failed to read file '../../../Engine/Content/Editor/Slate/Launcher/Android/Platform_Android_128x.png' error.
[2018.09.18-15.22.42:549][  0]LogSlate: Could not find file for Slate resource: ../../../Engine/Content/Editor/Slate/Launcher/Android/Platform_Android_128x.png
[2018.09.18-15.22.42:550][  0]LogStreaming: Warning: Failed to read file '../../../Engine/Content/Editor/Slate/Launcher/Android/Platform_Android_128x.png' error.
[2018.09.18-15.22.42:550][  0]LogSlate: Could not find file for Slate resource: ../../../Engine/Content/Editor/Slate/Launcher/Android/Platform_Android_128x.png
[2018.09.18-15.22.42:550][  0]LogStreaming: Warning: Failed to read file '../../../Engine/Content/Editor/Slate/Launcher/Android/Platform_Android_24x.png' error.
[2018.09.18-15.22.42:550][  0]LogSlate: Could not find file for Slate resource: ../../../Engine/Content/Editor/Slate/Launcher/Android/Platform_Android_24x.png
[2018.09.18-15.22.42:550][  0]LogStreaming: Warning: Failed to read file '../../../Engine/Content/Editor/Slate/Launcher/Android/Platform_Android_128x.png' error.
[2018.09.18-15.22.42:550][  0]LogSlate: Could not find file for Slate resource: ../../../Engine/Content/Editor/Slate/Launcher/Android/Platform_Android_128x.png
[2018.09.18-15.22.42:551][  0]LogStreaming: Warning: Failed to read file '../../../Engine/Content/Editor/Slate/Launcher/Android/Platform_Android_128x.png' error.
[2018.09.18-15.22.42:551][  0]LogSlate: Could not find file for Slate resource: ../../../Engine/Content/Editor/Slate/Launcher/Android/Platform_Android_128x.png
[2018.09.18-15.22.42:551][  0]LogStreaming: Warning: Failed to read file '../../../Engine/Content/Editor/Slate/Launcher/Android/Platform_Android_ATC_24x.png' error.
[2018.09.18-15.22.42:551][  0]LogSlate: Could not find file for Slate resource: ../../../Engine/Content/Editor/Slate/Launcher/Android/Platform_Android_ATC_24x.png
[2018.09.18-15.22.42:551][  0]LogStreaming: Warning: Failed to read file '../../../Engine/Content/Editor/Slate/Launcher/Android/Platform_Android_128x.png' error.
[2018.09.18-15.22.42:551][  0]LogSlate: Could not find file for Slate resource: ../../../Engine/Content/Editor/Slate/Launcher/Android/Platform_Android_128x.png
[2018.09.18-15.22.42:551][  0]LogStreaming: Warning: Failed to read file '../../../Engine/Content/Editor/Slate/Launcher/Android/Platform_Android_128x.png' error.
[2018.09.18-15.22.42:551][  0]LogSlate: Could not find file for Slate resource: ../../../Engine/Content/Editor/Slate/Launcher/Android/Platform_Android_128x.png
[2018.09.18-15.22.42:552][  0]LogStreaming: Warning: Failed to read file '../../../Engine/Content/Editor/Slate/Launcher/Android/Platform_Android_DXT_24x.png' error.
[2018.09.18-15.22.42:552][  0]LogSlate: Could not find file for Slate resource: ../../../Engine/Content/Editor/Slate/Launcher/Android/Platform_Android_DXT_24x.png
[2018.09.18-15.22.42:552][  0]LogStreaming: Warning: Failed to read file '../../../Engine/Content/Editor/Slate/Launcher/Android/Platform_Android_128x.png' error.
[2018.09.18-15.22.42:552][  0]LogSlate: Could not find file for Slate resource: ../../../Engine/Content/Editor/Slate/Launcher/Android/Platform_Android_128x.png
[2018.09.18-15.22.42:552][  0]LogStreaming: Warning: Failed to read file '../../../Engine/Content/Editor/Slate/Launcher/Android/Platform_Android_128x.png' error.
[2018.09.18-15.22.42:552][  0]LogSlate: Could not find file for Slate resource: ../../../Engine/Content/Editor/Slate/Launcher/Android/Platform_Android_128x.png
[2018.09.18-15.22.42:553][  0]LogStreaming: Warning: Failed to read file '../../../Engine/Content/Editor/Slate/Launcher/Android/Platform_Android_ETC1_24x.png' error.
[2018.09.18-15.22.42:553][  0]LogSlate: Could not find file for Slate resource: ../../../Engine/Content/Editor/Slate/Launcher/Android/Platform_Android_ETC1_24x.png
[2018.09.18-15.22.42:553][  0]LogStreaming: Warning: Failed to read file '../../../Engine/Content/Editor/Slate/Launcher/Android/Platform_Android_128x.png' error.
[2018.09.18-15.22.42:553][  0]LogSlate: Could not find file for Slate resource: ../../../Engine/Content/Editor/Slate/Launcher/Android/Platform_Android_128x.png
[2018.09.18-15.22.42:553][  0]LogStreaming: Warning: Failed to read file '../../../Engine/Content/Editor/Slate/Launcher/Android/Platform_Android_128x.png' error.
[2018.09.18-15.22.42:553][  0]LogSlate: Could not find file for Slate resource: ../../../Engine/Content/Editor/Slate/Launcher/Android/Platform_Android_128x.png
[2018.09.18-15.22.42:554][  0]LogStreaming: Warning: Failed to read file '../../../Engine/Content/Editor/Slate/Launcher/Android/Platform_Android_ETC1_24x.png' error.
[2018.09.18-15.22.42:554][  0]LogSlate: Could not find file for Slate resource: ../../../Engine/Content/Editor/Slate/Launcher/Android/Platform_Android_ETC1_24x.png
[2018.09.18-15.22.42:554][  0]LogStreaming: Warning: Failed to read file '../../../Engine/Content/Editor/Slate/Launcher/Android/Platform_Android_128x.png' error.
[2018.09.18-15.22.42:554][  0]LogSlate: Could not find file for Slate resource: ../../../Engine/Content/Editor/Slate/Launcher/Android/Platform_Android_128x.png
[2018.09.18-15.22.42:554][  0]LogStreaming: Warning: Failed to read file '../../../Engine/Content/Editor/Slate/Launcher/Android/Platform_Android_128x.png' error.
[2018.09.18-15.22.42:554][  0]LogSlate: Could not find file for Slate resource: ../../../Engine/Content/Editor/Slate/Launcher/Android/Platform_Android_128x.png
[2018.09.18-15.22.42:555][  0]LogStreaming: Warning: Failed to read file '../../../Engine/Content/Editor/Slate/Launcher/Android/Platform_Android_ETC2_24x.png' error.
[2018.09.18-15.22.42:555][  0]LogSlate: Could not find file for Slate resource: ../../../Engine/Content/Editor/Slate/Launcher/Android/Platform_Android_ETC2_24x.png
[2018.09.18-15.22.42:555][  0]LogStreaming: Warning: Failed to read file '../../../Engine/Content/Editor/Slate/Launcher/Android/Platform_Android_128x.png' error.
[2018.09.18-15.22.42:555][  0]LogSlate: Could not find file for Slate resource: ../../../Engine/Content/Editor/Slate/Launcher/Android/Platform_Android_128x.png
[2018.09.18-15.22.42:555][  0]LogStreaming: Warning: Failed to read file '../../../Engine/Content/Editor/Slate/Launcher/Android/Platform_Android_128x.png' error.
[2018.09.18-15.22.42:555][  0]LogSlate: Could not find file for Slate resource: ../../../Engine/Content/Editor/Slate/Launcher/Android/Platform_Android_128x.png
[2018.09.18-15.22.42:555][  0]LogStreaming: Warning: Failed to read file '../../../Engine/Content/Editor/Slate/Launcher/Android/Platform_Android_PVRTC_24x.png' error.
[2018.09.18-15.22.42:555][  0]LogSlate: Could not find file for Slate resource: ../../../Engine/Content/Editor/Slate/Launcher/Android/Platform_Android_PVRTC_24x.png
[2018.09.18-15.22.42:556][  0]LogStreaming: Warning: Failed to read file '../../../Engine/Content/Editor/Slate/Launcher/Android/Platform_Android_128x.png' error.
[2018.09.18-15.22.42:556][  0]LogSlate: Could not find file for Slate resource: ../../../Engine/Content/Editor/Slate/Launcher/Android/Platform_Android_128x.png
[2018.09.18-15.22.42:556][  0]LogStreaming: Warning: Failed to read file '../../../Engine/Content/Editor/Slate/Launcher/Android/Platform_Android_128x.png' error.
[2018.09.18-15.22.42:556][  0]LogSlate: Could not find file for Slate resource: ../../../Engine/Content/Editor/Slate/Launcher/Android/Platform_Android_128x.png
[2018.09.18-15.22.42:556][  0]LogStreaming: Warning: Failed to read file '../../../Engine/Content/Editor/Slate/Launcher/Android/Platform_Android_ASTC_24x.png' error.
[2018.09.18-15.22.42:556][  0]LogSlate: Could not find file for Slate resource: ../../../Engine/Content/Editor/Slate/Launcher/Android/Platform_Android_ASTC_24x.png
[2018.09.18-15.22.42:557][  0]LogStreaming: Warning: Failed to read file '../../../Engine/Content/Editor/Slate/Launcher/Android/Platform_Android_128x.png' error.
[2018.09.18-15.22.42:557][  0]LogSlate: Could not find file for Slate resource: ../../../Engine/Content/Editor/Slate/Launcher/Android/Platform_Android_128x.png
[2018.09.18-15.22.42:557][  0]LogStreaming: Warning: Failed to read file '../../../Engine/Content/Editor/Slate/Launcher/Android/Platform_Android_128x.png' error.
[2018.09.18-15.22.42:557][  0]LogSlate: Could not find file for Slate resource: ../../../Engine/Content/Editor/Slate/Launcher/Android/Platform_Android_128x.png
[2018.09.18-15.22.44:980][  0]LogTcpMessaging: Initializing TcpMessaging bridge
[2018.09.18-15.22.44:983][  0]LogUdpMessaging: Initializing bridge on interface 0.0.0.0:0 to multicast group 230.0.0.1:6666.
[2018.09.18-15.22.44:984][  0]FUdpSocketBuilder: Failed to subscribe UdpMessageMulticastSocket to multicast group 230.0.0.1
[2018.09.18-15.22.44:984][  0]FUdpSocketBuilder: Failed to create and initialize socket UdpMessageMulticastSocket (last error: 55)
[2018.09.18-15.22.44:984][  0]LogUdpMessaging: Warning: StartTransport failed to create multicast socket on 0.0.0.0:0, joined to 230.0.0.1:6666 with TTL 1
[2018.09.18-15.22.50:877][  0]LogAndroidPermission: UAndroidPermissionCallbackProxy::GetInstance
[2018.09.18-15.22.52:126][  0]SourceControl: Source control is disabled
[2018.09.18-15.22.52:126][  0]SourceControl: Source control is disabled
[2018.09.18-15.22.52:280][  0]SourceControl: Source control is disabled
[2018.09.18-15.22.52:977][  0]SourceControl: Source control is disabled
[2018.09.18-15.22.55:342][  0]LogEngine: Initializing Engine...
[2018.09.18-15.22.55:343][  0]LogHMD: Failed to initialize OpenVR with code 110
[2018.09.18-15.22.55:345][  0]LogStats: UGameplayTagsManager::ConstructGameplayTagTree: ImportINI prefixes -  0.000 s
[2018.09.18-15.22.55:345][  0]LogStats: UGameplayTagsManager::ConstructGameplayTagTree: Construct from data asset -  0.000 s
[2018.09.18-15.22.55:345][  0]LogStats: UGameplayTagsManager::ConstructGameplayTagTree: ImportINI -  0.000 s
[2018.09.18-15.22.55:345][  0]LogStats: UGameplayTagsManager::ConstructGameplayTagTree: GameplayTagTreeChangedEvent.Broadcast -  0.000 s
[2018.09.18-15.22.55:671][  0]LogInit: Initializing FReadOnlyCVARCache
[2018.09.18-15.22.56:198][  0]LogAIModule: Creating AISystem for world Untitled
[2018.09.18-15.22.56:209][  0]LogAudioMixer: Display: Audio Mixer Platform Settings:
[2018.09.18-15.22.56:209][  0]LogAudioMixer: Display: 	Sample Rate:						  48000
[2018.09.18-15.22.56:209][  0]LogAudioMixer: Display: 	Callback Buffer Frame Size Requested: 1024
[2018.09.18-15.22.56:209][  0]LogAudioMixer: Display: 	Callback Buffer Frame Size To Use:	  1024
[2018.09.18-15.22.56:209][  0]LogAudioMixer: Display: 	Number of buffers to queue:			  2
[2018.09.18-15.22.56:209][  0]LogAudioMixer: Display: 	Max Channels (voices):				  0
[2018.09.18-15.22.56:209][  0]LogAudioMixer: Display: 	Number of Async Source Workers:		  0
[2018.09.18-15.22.56:210][  0]LogAudioMixer: Display: Initializing audio mixer.
[2018.09.18-15.22.56:217][  0]LogAudioMixerSDL: Display: Initialized SDL using pulseaudio platform API backend.
[2018.09.18-15.22.56:301][  0]LogInit: FAudioDevice initialized.
[2018.09.18-15.22.56:302][  0]LogNetVersion: Set ProjectVersion to 1.0.0.0. Version Checksum will be recalculated on next use.
[2018.09.18-15.22.56:374][  0]LogDerivedDataCache: Saved boot cache 0.07s 84MB ../../../../Documentos/Unreal Projects/PlataformGameAV1/DerivedDataCache/Boot.ddc.
[2018.09.18-15.22.56:588][  0]LogInit: Texture streaming: Enabled
[2018.09.18-15.22.57:630][  0]LogEngineSessionManager: EngineSessionManager initialized
[2018.09.18-15.22.58:114][  0]LogInit: Transaction tracking system initialized
[2018.09.18-15.22.59:044][  0]BlueprintLog: New page: Editor Load
[2018.09.18-15.23.01:693][  0]LocalizationService: Localization service is disabled
[2018.09.18-15.23.03:529][  0]LogFileCache: Scanning file cache for directory '/home/mauricio/Documentos/Unreal Projects/PlataformGameAV1/Content/' took 0.00s
[2018.09.18-15.23.03:529][  0]LogCook: Display: Max memory allowance for cook 16384mb min free memory 0mb
[2018.09.18-15.23.03:530][  0]LogCook: Display: Mobile HDR setting 1
[2018.09.18-15.23.03:530][  0]LogGameplayTags: Display: UGameplayTagsManager::DoneAddingNativeTags. DelegateIsBound: 0
[2018.09.18-15.23.03:530][  0]LogStats: UGameplayTagsManager::ConstructGameplayTagTree: ImportINI prefixes -  0.000 s
[2018.09.18-15.23.03:530][  0]LogStats: UGameplayTagsManager::ConstructGameplayTagTree: Construct from data asset -  0.000 s
[2018.09.18-15.23.03:530][  0]LogStats: UGameplayTagsManager::ConstructGameplayTagTree: ImportINI -  0.000 s
[2018.09.18-15.23.03:530][  0]LogStats: UGameplayTagsManager::ConstructGameplayTagTree: GameplayTagTreeChangedEvent.Broadcast -  0.000 s
[2018.09.18-15.23.06:951][  0]SourceControl: Source control is disabled
[2018.09.18-15.23.06:951][  0]Cmd: MAP LOAD FILE="../../../../Documentos/Unreal Projects/PlataformGameAV1/Content/Maps/Level00.umap" TEMPLATE=0 SHOWPROGRESS=1 FEATURELEVEL=3
[2018.09.18-15.23.06:962][  0]LightingResults: New page: Lighting Build
[2018.09.18-15.23.07:072][  0]MapCheck: New page: Map Check
[2018.09.18-15.23.07:072][  0]LightingResults: New page: Lighting Build
[2018.09.18-15.23.07:836][  0]LogAIModule: Creating AISystem for world Level00
[2018.09.18-15.23.07:900][  0]LogEditorServer: Finished looking for orphan Actors (0.000 secs)
[2018.09.18-15.23.07:934][  0]Cmd: MAP CHECKDEP NOCLEARLOG
[2018.09.18-15.23.07:962][  0]MapCheck: Map check complete: 0 Error(s), 0 Warning(s), took 27.834ms to complete.
[2018.09.18-15.23.07:962][  0]LogFileHelpers: Loading map 'Level00' took 1.011
[2018.09.18-15.23.07:988][  0]LogLinux: Scale at X=0.000000, Y=30.000000: 1.000000 (monitor=#0, HDPI=96.000000 (horz scale: 1.000000), VDPI=96.000000 (vert scale: 1.000000))
[2018.09.18-15.23.07:988][  0]LogLinux: Scale at X=960.000000, Y=555.000000: 1.000000 (monitor=#0, HDPI=96.000000 (horz scale: 1.000000), VDPI=96.000000 (vert scale: 1.000000))
[2018.09.18-15.23.07:997][  0]LogLinux: Scale at X=0.000000, Y=30.000000: 1.000000 (monitor=#0, HDPI=96.000000 (horz scale: 1.000000), VDPI=96.000000 (vert scale: 1.000000))
[2018.09.18-15.23.08:028][  0]LogSlate: Updating window title bar state: overlay mode, drag disabled, window buttons hidden, title bar hidden
[2018.09.18-15.23.08:039][  0]LogSlate: Updating window title bar state: overlay mode, drag disabled, window buttons hidden, title bar hidden
[2018.09.18-15.23.08:048][  0]LogSlate: Updating window title bar state: overlay mode, drag disabled, window buttons hidden, title bar hidden
[2018.09.18-15.23.08:060][  0]LogSlate: Updating window title bar state: overlay mode, drag disabled, window buttons hidden, title bar hidden
[2018.09.18-15.23.08:069][  0]LogCollectionManager: Loaded 0 collections in 0.002531 seconds
[2018.09.18-15.23.08:087][  0]LogFileCache: Scanning file cache for directory '/home/mauricio/Documentos/Unreal Projects/PlataformGameAV1/Saved/Collections/' took 0.00s
[2018.09.18-15.23.08:087][  0]LogFileCache: Scanning file cache for directory '/home/mauricio/Documentos/Unreal Projects/PlataformGameAV1/Content/Developers/mauricio/Collections/' took 0.00s
[2018.09.18-15.23.08:087][  0]LogFileCache: Scanning file cache for directory '/home/mauricio/Documentos/Unreal Projects/PlataformGameAV1/Content/Collections/' took 0.00s
[2018.09.18-15.23.08:087][  0]LogContentBrowser: Native class hierarchy populated in 0.0138 seconds. Added 2545 classes and 566 folders.
[2018.09.18-15.23.08:090][  0]LogCollectionManager: Rebuilt the GUID cache for 0 collections in 0.000001 seconds
[2018.09.18-15.23.08:416][  0]LogContentBrowser: Native class hierarchy updated for 'WidgetCarousel' in 0.0004 seconds. Added 0 classes and 0 folders.
[2018.09.18-15.23.08:443][  0]LogContentBrowser: Native class hierarchy updated for 'AddContentDialog' in 0.0003 seconds. Added 0 classes and 0 folders.
[2018.09.18-15.23.08:580][  0]LogContentBrowser: Native class hierarchy updated for 'SceneOutliner' in 0.0003 seconds. Added 1 classes and 2 folders.
[2018.09.18-15.23.08:813][  0]LogContentBrowser: Native class hierarchy updated for 'HierarchicalLODOutliner' in 0.0002 seconds. Added 0 classes and 0 folders.
[2018.09.18-15.23.08:813][  0]LogLoad: (Engine Initialization) Total time: 37.41 seconds
[2018.09.18-15.23.08:813][  0]LogLoad: (Engine Initialization) Total Blueprint compile time: 0.00 seconds
[2018.09.18-15.23.08:832][  0]LogSlate: Took 0.000119 seconds to synchronously load lazily loaded font '../../../Engine/Content/Slate/Fonts/Roboto-Regular.ttf' (155K)
[2018.09.18-15.23.08:840][  0]LogSlate: Took 0.000089 seconds to synchronously load lazily loaded font '../../../Engine/Content/Slate/Fonts/Roboto-Bold.ttf' (160K)
[2018.09.18-15.23.08:845][  0]LogSlate: Took 0.000086 seconds to synchronously load lazily loaded font '../../../Engine/Content/Editor/Slate/Fonts/FontAwesome.ttf' (139K)
[2018.09.18-15.23.09:056][  0]LogInit: Adding external input plugin.
[2018.09.18-15.23.09:079][  0]LogContentStreaming: Texture pool size now 3000 MB
[2018.09.18-15.23.09:148][  0]LogRenderer: Reallocating scene render targets to support 1424x508 Format 10 NumSamples 1 (Frame:1).
[2018.09.18-15.23.10:878][  0]LogLinux: Setting swap interval to 'Immediate'
[2018.09.18-15.23.11:014][  0]LogSlate: Took 0.000052 seconds to synchronously load lazily loaded font '../../../Engine/Content/Slate/Fonts/Roboto-Light.ttf' (167K)
[2018.09.18-15.23.11:056][  1]LogAssetRegistry: Asset discovery search completed in 31.4434 seconds
[2018.09.18-15.23.11:058][  1]LogCollectionManager: Rebuilt the object cache for 0 collections in 0.000000 seconds (found 0 objects)
[2018.09.18-15.23.11:058][  1]LogCollectionManager: Fixed up redirectors for 0 collections in 0.000079 seconds (updated 0 objects)
[2018.09.18-15.23.22:729][669]LogLinux: Scale at X=960.000000, Y=540.000000: 1.000000 (monitor=#0, HDPI=96.000000 (horz scale: 1.000000), VDPI=96.000000 (vert scale: 1.000000))
[2018.09.18-15.23.22:801][671]LogLinux: Setting swap interval to 'Immediate'
[2018.09.18-15.23.23:573][704]LogLinux: Scale at X=761.000000, Y=323.000000: 1.000000 (monitor=#0, HDPI=96.000000 (horz scale: 1.000000), VDPI=96.000000 (vert scale: 1.000000))
[2018.09.18-15.23.23:604][704]LogSlate: FSceneViewport::OnFocusLost() reason 2
[2018.09.18-15.23.23:617][706]LogLinux: Setting swap interval to 'Immediate'
[2018.09.18-15.23.25:385][808]LogPlayLevel: PlayLevel: No blueprints needed recompiling
[2018.09.18-15.23.25:386][808]PIE: New page: PIE session: Level00 (Sep 18, 2018, 9:23:25 AM)
[2018.09.18-15.23.25:386][808]LogPlayLevel: Creating play world package: /Game/Maps/UEDPIE_0_Level00
[2018.09.18-15.23.25:401][808]LogPlayLevel: PIE: StaticDuplicateObject took: (0.015088s)
[2018.09.18-15.23.25:402][808]LogAIModule: Creating AISystem for world Level00
[2018.09.18-15.23.25:402][808]LogPlayLevel: PIE: World Init took: (0.000929s)
[2018.09.18-15.23.25:403][808]LogPlayLevel: PIE: Created PIE world by copying editor world from /Game/Maps/Level00.Level00 to /Game/Maps/UEDPIE_0_Level00.Level00 (0.016235s)
[2018.09.18-15.23.25:430][808]LogAudioMixer: Display: Audio Mixer Platform Settings:
[2018.09.18-15.23.25:430][808]LogAudioMixer: Display: 	Sample Rate:						  48000
[2018.09.18-15.23.25:430][808]LogAudioMixer: Display: 	Callback Buffer Frame Size Requested: 1024
[2018.09.18-15.23.25:430][808]LogAudioMixer: Display: 	Callback Buffer Frame Size To Use:	  1024
[2018.09.18-15.23.25:430][808]LogAudioMixer: Display: 	Number of buffers to queue:			  2
[2018.09.18-15.23.25:430][808]LogAudioMixer: Display: 	Max Channels (voices):				  0
[2018.09.18-15.23.25:430][808]LogAudioMixer: Display: 	Number of Async Source Workers:		  0
[2018.09.18-15.23.25:430][808]LogAudioMixer: Display: Initializing audio mixer.
[2018.09.18-15.23.25:430][808]LogAudioMixerSDL: Display: Initialized SDL using pulseaudio platform API backend.
[2018.09.18-15.23.25:538][808]LogInit: FAudioDevice initialized.
[2018.09.18-15.23.25:539][808]LogLinux: Scale at X=0.000000, Y=30.000000: 1.000000 (monitor=#0, HDPI=96.000000 (horz scale: 1.000000), VDPI=96.000000 (vert scale: 1.000000))
[2018.09.18-15.23.25:539][808]LogLinux: Scale at X=315.000000, Y=163.000000: 1.000000 (monitor=#0, HDPI=96.000000 (horz scale: 1.000000), VDPI=96.000000 (vert scale: 1.000000))
[2018.09.18-15.23.25:540][808]LogLinux: Scale at X=960.000000, Y=540.000000: 1.000000 (monitor=#0, HDPI=96.000000 (horz scale: 1.000000), VDPI=96.000000 (vert scale: 1.000000))
[2018.09.18-15.23.25:586][808]LogSlate: Updating window title bar state: overlay mode, drag disabled, window buttons hidden, title bar hidden
[2018.09.18-15.23.25:620][808]LogLinker: Warning: Can't find file '/Game/BluePrints/GameMode'
[2018.09.18-15.23.25:620][808]LogLinker: Warning: Can't find file '/Game/BluePrints/GameMode'
[2018.09.18-15.23.25:621][808]LogUObjectGlobals: Warning: Failed to find object 'Class /Game/BluePrints/GameMode.GameMode_C'
[2018.09.18-15.23.25:621][808]LogLoad: Game class is 'GameModeBase'
[2018.09.18-15.23.25:631][808]LogWorld: Bringing World /Game/Maps/UEDPIE_0_Level00.Level00 up for play (max tick rate 60) at 2018.09.18-12.23.25
[2018.09.18-15.23.25:633][808]LogWorld: Bringing up level for play took: 0.010505
[2018.09.18-15.23.25:767][808]LogContentBrowser: Native class hierarchy updated for 'MovieSceneCapture' in 0.0004 seconds. Added 10 classes and 0 folders.
[2018.09.18-15.23.25:771][808]PIE: Play in editor start time for /Game/Maps/UEDPIE_0_Level00 0.387
[2018.09.18-15.23.25:817][808]LogRenderer: Reallocating scene render targets to support 1424x756 Format 10 NumSamples 1 (Frame:1).
[2018.09.18-15.23.26:144][809]LogLinux: Setting swap interval to 'Immediate'
[2018.09.18-15.23.44:090][760]LogBlueprintUserMessages: [HeroiCaracter_2] power
[2018.09.18-15.24.08:902][ 75]LogHttp: Warning: 0x7fe914ed95c0: request failed, libcurl error: 6 (Couldn't resolve host name)
[2018.09.18-15.24.08:902][ 75]LogHttp: Warning: 0x7fe914ed95c0: libcurl info message cache 0 (Could not resolve host: datarouter.ol.epicgames.com)
[2018.09.18-15.24.08:902][ 75]LogHttp: Warning: 0x7fe914ed95c0: libcurl info message cache 1 (Closing connection 0)
[2018.09.18-15.24.11:983][243]LogBlueprintUserMessages: [Inimigo1_2] Dano
[2018.09.18-15.24.12:000][244]LogBlueprintUserMessages: [Inimigo1_2] Dano
[2018.09.18-15.24.12:022][245]LogBlueprintUserMessages: [Inimigo1_2] Dano
[2018.09.18-15.24.12:022][245]LogBlueprintUserMessages: [Inimigo1_2] Dano
[2018.09.18-15.24.40:502][732]LogBlueprintUserMessages: [HeroiCaracter_2] power 2
[2018.09.18-15.25.07:102][112]LogSlate: Updating window title bar state: overlay mode, drag disabled, window buttons hidden, title bar hidden
[2018.09.18-15.25.07:121][112]LogSlate: Window 'PlataformGameAV1 Game Preview Standalone (64-bit/GLSL_430)' being destroyed
[2018.09.18-15.25.07:196][112]LogPlayLevel: Display: Shutting down PIE online subsystems
[2018.09.18-15.25.07:275][113]LogPlayLevel: Display: Destroying online subsystem :Context_1
[2018.09.18-15.26.08:938][453]LogHttp: Warning: 0x7fe914ef1a00: request failed, libcurl error: 6 (Couldn't resolve host name)
[2018.09.18-15.26.08:938][453]LogHttp: Warning: 0x7fe914ef1a00: libcurl info message cache 0 (Could not resolve host: datarouter.ol.epicgames.com)
[2018.09.18-15.26.08:938][453]LogHttp: Warning: 0x7fe914ef1a00: libcurl info message cache 1 (Closing connection 1)
[2018.09.18-15.26.50:020][734]LogSlate: FSceneViewport::OnFocusLost() reason 0
[2018.09.18-15.26.50:197][744]LogLinux: Scale at X=0.000000, Y=30.000000: 1.000000 (monitor=#0, HDPI=96.000000 (horz scale: 1.000000), VDPI=96.000000 (vert scale: 1.000000))
[2018.09.18-15.26.50:197][744]LogLinux: Scale at X=960.000000, Y=540.000000: 1.000000 (monitor=#0, HDPI=96.000000 (horz scale: 1.000000), VDPI=96.000000 (vert scale: 1.000000))
[2018.09.18-15.26.50:199][744]LogLinux: Scale at X=960.000000, Y=540.000000: 1.000000 (monitor=#0, HDPI=96.000000 (horz scale: 1.000000), VDPI=96.000000 (vert scale: 1.000000))
[2018.09.18-15.26.50:237][744]LogSlate: Took 0.000067 seconds to synchronously load lazily loaded font '../../../Engine/Content/Slate/Fonts/Roboto-Light.ttf' (167K)
[2018.09.18-15.26.50:266][744]LogLinux: Setting swap interval to 'Immediate'
[2018.09.18-15.26.50:278][744]Cmd: OBJ SAVEPACKAGE PACKAGE="/Game/Maps/Level00" FILE="../../../../Documentos/Unreal Projects/PlataformGameAV1/Content/Maps/Level00.umap" SILENT=true AUTOSAVING=false KEEPDIRTY=false
[2018.09.18-15.26.50:501][744]LogSavePackage: Moving '../../../../Documentos/Unreal Projects/PlataformGameAV1/Saved/Level001CA57DF308D61D62025C8C162ED72828.tmp' to '../../../../Documentos/Unreal Projects/PlataformGameAV1/Content/Maps/Level00.umap'
[2018.09.18-15.26.50:531][744]Cmd: OBJ SAVEPACKAGE PACKAGE="/Game/Maps/Level00_BuiltData" FILE="../../../../Documentos/Unreal Projects/PlataformGameAV1/Content/Maps/Level00_BuiltData.uasset" SILENT=true
[2018.09.18-15.26.50:572][744]LogSavePackage: Moving '../../../../Documentos/Unreal Projects/PlataformGameAV1/Saved/Level00_BuiltData1CA7BFFE08D61D62027F926A2EDAA8CA.tmp' to '../../../../Documentos/Unreal Projects/PlataformGameAV1/Content/Maps/Level00_BuiltData.uasset'
[2018.09.18-15.26.55:198][956]LogSlate: FSceneViewport::OnFocusLost() reason 0
[2018.09.18-15.26.55:403][967]LogLinux: Scale at X=0.000000, Y=30.000000: 1.000000 (monitor=#0, HDPI=96.000000 (horz scale: 1.000000), VDPI=96.000000 (vert scale: 1.000000))
[2018.09.18-15.26.55:477][967]LogSlate: Window 'PlataformGameAV1 - Unreal Editor' being destroyed
[2018.09.18-15.26.55:723][968]Cmd: QUIT_EDITOR
[2018.09.18-15.26.55:767][968]LogSlate: Slate User Destroyed.  User Index 0, Is Virtual User: 0
[2018.09.18-15.26.55:767][968]LogExit: Preparing to exit.
